mode: count
github.com/wayneeseguin/flexlog/batching.go:16.81,20.55 3 0
github.com/wayneeseguin/flexlog/batching.go:20.55,22.3 1 0
github.com/wayneeseguin/flexlog/batching.go:24.2,29.28 4 0
github.com/wayneeseguin/flexlog/batching.go:29.28,31.3 1 0
github.com/wayneeseguin/flexlog/batching.go:33.2,36.18 2 0
github.com/wayneeseguin/flexlog/batching.go:36.18,37.53 1 0
github.com/wayneeseguin/flexlog/batching.go:37.53,39.4 1 0
github.com/wayneeseguin/flexlog/batching.go:42.2,42.12 1 0
github.com/wayneeseguin/flexlog/batching.go:48.63,52.55 3 0
github.com/wayneeseguin/flexlog/batching.go:52.55,54.3 1 0
github.com/wayneeseguin/flexlog/batching.go:56.2,61.12 5 0
github.com/wayneeseguin/flexlog/batching.go:65.77,70.32 4 0
github.com/wayneeseguin/flexlog/batching.go:70.32,71.57 1 0
github.com/wayneeseguin/flexlog/batching.go:71.57,73.4 1 0
github.com/wayneeseguin/flexlog/batching.go:74.3,74.49 1 0
github.com/wayneeseguin/flexlog/batching.go:74.49,76.4 1 0
github.com/wayneeseguin/flexlog/batching.go:79.2,79.12 1 0
github.com/wayneeseguin/flexlog/batching.go:83.55,87.24 3 0
github.com/wayneeseguin/flexlog/batching.go:87.24,89.3 1 0
github.com/wayneeseguin/flexlog/batching.go:92.2,92.28 1 0
github.com/wayneeseguin/flexlog/batching.go:92.28,93.63 1 0
github.com/wayneeseguin/flexlog/batching.go:93.63,95.4 1 0
github.com/wayneeseguin/flexlog/batching.go:100.53,102.46 1 0
github.com/wayneeseguin/flexlog/batching.go:102.46,107.28 3 0
github.com/wayneeseguin/flexlog/batching.go:107.28,109.4 1 0
github.com/wayneeseguin/flexlog/batching.go:114.37,120.36 5 16
github.com/wayneeseguin/flexlog/batching.go:120.36,122.29 2 18
github.com/wayneeseguin/flexlog/batching.go:122.29,125.4 2 1
github.com/wayneeseguin/flexlog/batching.go:126.3,126.19 1 18
github.com/wayneeseguin/flexlog/batching.go:131.55,137.2 2 17
github.com/wayneeseguin/flexlog/buffer_pool.go:16.34,19.28 1 1
github.com/wayneeseguin/flexlog/buffer_pool.go:19.28,23.5 1 5
github.com/wayneeseguin/flexlog/buffer_pool.go:30.43,34.2 3 232
github.com/wayneeseguin/flexlog/buffer_pool.go:38.46,39.16 1 232
github.com/wayneeseguin/flexlog/buffer_pool.go:39.16,41.3 1 0
github.com/wayneeseguin/flexlog/buffer_pool.go:45.2,45.25 1 232
github.com/wayneeseguin/flexlog/buffer_pool.go:45.25,47.3 1 0
github.com/wayneeseguin/flexlog/buffer_pool.go:49.2,50.18 2 232
github.com/wayneeseguin/flexlog/buffer_pool.go:57.32,59.2 1 231
github.com/wayneeseguin/flexlog/buffer_pool.go:62.35,64.2 1 232
github.com/wayneeseguin/flexlog/compression.go:11.67,19.88 5 0
github.com/wayneeseguin/flexlog/compression.go:19.88,21.3 1 0
github.com/wayneeseguin/flexlog/compression.go:21.8,21.95 1 0
github.com/wayneeseguin/flexlog/compression.go:21.95,23.3 1 0
github.com/wayneeseguin/flexlog/compression.go:27.46,31.2 3 0
github.com/wayneeseguin/flexlog/compression.go:34.51,35.17 1 0
github.com/wayneeseguin/flexlog/compression.go:35.17,37.3 1 0
github.com/wayneeseguin/flexlog/compression.go:39.2,43.43 3 0
github.com/wayneeseguin/flexlog/compression.go:43.43,49.3 3 0
github.com/wayneeseguin/flexlog/compression.go:49.8,51.3 1 0
github.com/wayneeseguin/flexlog/compression.go:55.45,60.41 2 0
github.com/wayneeseguin/flexlog/compression.go:60.41,62.13 2 0
github.com/wayneeseguin/flexlog/compression.go:62.13,64.35 2 0
github.com/wayneeseguin/flexlog/compression.go:64.35,65.48 1 0
github.com/wayneeseguin/flexlog/compression.go:65.48,67.6 1 0
github.com/wayneeseguin/flexlog/compression.go:74.44,75.25 1 16
github.com/wayneeseguin/flexlog/compression.go:75.25,79.3 3 0
github.com/wayneeseguin/flexlog/compression.go:83.51,84.43 1 0
github.com/wayneeseguin/flexlog/compression.go:84.43,86.3 1 0
github.com/wayneeseguin/flexlog/compression.go:88.2,88.40 1 0
github.com/wayneeseguin/flexlog/compression.go:89.23,90.34 1 0
github.com/wayneeseguin/flexlog/compression.go:91.10,92.71 1 0
github.com/wayneeseguin/flexlog/compression.go:97.55,99.49 1 0
github.com/wayneeseguin/flexlog/compression.go:99.49,101.3 1 0
github.com/wayneeseguin/flexlog/compression.go:104.2,108.16 3 0
github.com/wayneeseguin/flexlog/compression.go:108.16,110.3 1 0
github.com/wayneeseguin/flexlog/compression.go:111.2,111.15 1 0
github.com/wayneeseguin/flexlog/compression.go:111.15,112.61 1 0
github.com/wayneeseguin/flexlog/compression.go:112.61,114.4 1 0
github.com/wayneeseguin/flexlog/compression.go:118.2,119.16 2 0
github.com/wayneeseguin/flexlog/compression.go:119.16,121.3 1 0
github.com/wayneeseguin/flexlog/compression.go:124.2,125.15 2 0
github.com/wayneeseguin/flexlog/compression.go:125.15,126.17 1 0
github.com/wayneeseguin/flexlog/compression.go:126.17,127.62 1 0
github.com/wayneeseguin/flexlog/compression.go:127.62,129.5 1 0
github.com/wayneeseguin/flexlog/compression.go:131.4,131.18 1 0
github.com/wayneeseguin/flexlog/compression.go:131.18,133.5 1 0
github.com/wayneeseguin/flexlog/compression.go:138.2,142.16 3 0
github.com/wayneeseguin/flexlog/compression.go:142.16,144.3 1 0
github.com/wayneeseguin/flexlog/compression.go:147.2,147.34 1 0
github.com/wayneeseguin/flexlog/compression.go:147.34,149.3 1 0
github.com/wayneeseguin/flexlog/compression.go:152.2,152.35 1 0
github.com/wayneeseguin/flexlog/compression.go:152.35,154.3 1 0
github.com/wayneeseguin/flexlog/compression.go:155.2,158.40 2 0
github.com/wayneeseguin/flexlog/compression.go:158.40,162.3 2 0
github.com/wayneeseguin/flexlog/compression.go:165.2,167.12 2 0
github.com/wayneeseguin/flexlog/compression.go:171.52,172.66 1 0
github.com/wayneeseguin/flexlog/compression.go:172.66,173.10 1 0
github.com/wayneeseguin/flexlog/compression.go:174.29,174.29 0 0
github.com/wayneeseguin/flexlog/compression.go:176.11,178.124 1 0
github.com/wayneeseguin/flexlog/config.go:50.30,74.2 1 0
github.com/wayneeseguin/flexlog/config.go:77.35,78.24 1 0
github.com/wayneeseguin/flexlog/config.go:78.24,80.3 1 0
github.com/wayneeseguin/flexlog/config.go:82.2,82.19 1 0
github.com/wayneeseguin/flexlog/config.go:82.19,84.3 1 0
github.com/wayneeseguin/flexlog/config.go:86.2,86.20 1 0
github.com/wayneeseguin/flexlog/config.go:86.20,88.3 1 0
github.com/wayneeseguin/flexlog/config.go:90.2,90.37 1 0
github.com/wayneeseguin/flexlog/config.go:90.37,92.3 1 0
github.com/wayneeseguin/flexlog/config.go:94.2,94.28 1 0
github.com/wayneeseguin/flexlog/config.go:94.28,96.3 1 0
github.com/wayneeseguin/flexlog/config.go:98.2,98.22 1 0
github.com/wayneeseguin/flexlog/config.go:98.22,100.3 1 0
github.com/wayneeseguin/flexlog/config.go:102.2,102.46 1 0
github.com/wayneeseguin/flexlog/config.go:102.46,104.3 1 0
github.com/wayneeseguin/flexlog/config.go:106.2,106.27 1 0
github.com/wayneeseguin/flexlog/config.go:106.27,108.3 1 0
github.com/wayneeseguin/flexlog/config.go:110.2,110.43 1 0
github.com/wayneeseguin/flexlog/config.go:110.43,112.3 1 0
github.com/wayneeseguin/flexlog/config.go:114.2,114.28 1 0
github.com/wayneeseguin/flexlog/config.go:114.28,116.3 1 0
github.com/wayneeseguin/flexlog/config.go:118.2,118.12 1 0
github.com/wayneeseguin/flexlog/config.go:122.54,124.42 1 0
github.com/wayneeseguin/flexlog/config.go:124.42,126.3 1 0
github.com/wayneeseguin/flexlog/config.go:129.2,166.23 6 0
github.com/wayneeseguin/flexlog/config.go:166.23,168.17 2 0
github.com/wayneeseguin/flexlog/config.go:168.17,170.4 1 0
github.com/wayneeseguin/flexlog/config.go:172.3,181.21 8 0
github.com/wayneeseguin/flexlog/config.go:185.2,185.39 1 0
github.com/wayneeseguin/flexlog/config.go:185.39,187.3 1 0
github.com/wayneeseguin/flexlog/config.go:190.2,190.29 1 0
github.com/wayneeseguin/flexlog/config.go:190.29,192.3 1 0
github.com/wayneeseguin/flexlog/config.go:195.2,200.43 4 0
github.com/wayneeseguin/flexlog/config.go:200.43,202.3 1 0
github.com/wayneeseguin/flexlog/config.go:205.2,205.23 1 0
github.com/wayneeseguin/flexlog/config.go:205.23,209.3 3 0
github.com/wayneeseguin/flexlog/config.go:211.2,211.15 1 0
github.com/wayneeseguin/flexlog/config.go:215.39,242.23 4 0
github.com/wayneeseguin/flexlog/config.go:242.23,245.3 2 0
github.com/wayneeseguin/flexlog/config.go:247.2,247.15 1 0
github.com/wayneeseguin/flexlog/config.go:252.54,253.42 1 0
github.com/wayneeseguin/flexlog/config.go:253.42,255.3 1 0
github.com/wayneeseguin/flexlog/config.go:257.2,275.41 15 0
github.com/wayneeseguin/flexlog/config.go:275.41,276.80 1 0
github.com/wayneeseguin/flexlog/config.go:276.80,282.4 4 0
github.com/wayneeseguin/flexlog/config.go:282.9,282.87 1 0
github.com/wayneeseguin/flexlog/config.go:282.87,286.4 2 0
github.com/wayneeseguin/flexlog/config.go:286.9,290.4 2 0
github.com/wayneeseguin/flexlog/config.go:294.2,294.78 1 0
github.com/wayneeseguin/flexlog/config.go:294.78,299.42 4 0
github.com/wayneeseguin/flexlog/config.go:299.42,302.4 1 0
github.com/wayneeseguin/flexlog/config.go:302.9,302.49 1 0
github.com/wayneeseguin/flexlog/config.go:302.49,305.4 1 0
github.com/wayneeseguin/flexlog/config.go:305.9,305.78 1 0
github.com/wayneeseguin/flexlog/config.go:305.78,309.4 2 0
github.com/wayneeseguin/flexlog/config.go:313.2,313.39 1 0
github.com/wayneeseguin/flexlog/config.go:313.39,315.3 1 0
github.com/wayneeseguin/flexlog/config.go:315.8,315.30 1 0
github.com/wayneeseguin/flexlog/config.go:315.30,320.3 3 0
github.com/wayneeseguin/flexlog/config.go:322.2,322.12 1 0
github.com/wayneeseguin/flexlog/context.go:21.108,23.9 1 0
github.com/wayneeseguin/flexlog/context.go:24.20,25.19 1 0
github.com/wayneeseguin/flexlog/context.go:26.10,26.10 0 0
github.com/wayneeseguin/flexlog/context.go:30.2,30.18 1 0
github.com/wayneeseguin/flexlog/context.go:30.18,32.3 1 0
github.com/wayneeseguin/flexlog/context.go:35.2,35.26 1 0
github.com/wayneeseguin/flexlog/context.go:35.26,37.3 1 0
github.com/wayneeseguin/flexlog/context.go:40.2,43.39 2 0
github.com/wayneeseguin/flexlog/context.go:43.39,45.3 1 0
github.com/wayneeseguin/flexlog/context.go:48.2,56.9 2 0
github.com/wayneeseguin/flexlog/context.go:57.24,58.13 1 0
github.com/wayneeseguin/flexlog/context.go:59.20,60.19 1 0
github.com/wayneeseguin/flexlog/context.go:61.10,66.10 3 0
github.com/wayneeseguin/flexlog/context.go:67.25,68.14 1 0
github.com/wayneeseguin/flexlog/context.go:69.21,70.20 1 0
github.com/wayneeseguin/flexlog/context.go:71.18,72.45 1 0
github.com/wayneeseguin/flexlog/context.go:78.99,80.2 1 0
github.com/wayneeseguin/flexlog/context.go:83.98,85.2 1 0
github.com/wayneeseguin/flexlog/context.go:88.98,90.2 1 0
github.com/wayneeseguin/flexlog/context.go:93.99,95.2 1 0
github.com/wayneeseguin/flexlog/context.go:98.129,100.9 1 0
github.com/wayneeseguin/flexlog/context.go:101.20,102.19 1 0
github.com/wayneeseguin/flexlog/context.go:103.10,103.10 0 0
github.com/wayneeseguin/flexlog/context.go:107.2,107.18 1 0
github.com/wayneeseguin/flexlog/context.go:107.18,109.3 1 0
github.com/wayneeseguin/flexlog/context.go:112.2,112.42 1 0
github.com/wayneeseguin/flexlog/context.go:112.42,114.3 1 0
github.com/wayneeseguin/flexlog/context.go:117.2,117.19 1 0
github.com/wayneeseguin/flexlog/context.go:117.19,119.3 1 0
github.com/wayneeseguin/flexlog/context.go:122.2,122.67 1 0
github.com/wayneeseguin/flexlog/context.go:122.67,124.3 1 0
github.com/wayneeseguin/flexlog/context.go:127.2,127.61 1 0
github.com/wayneeseguin/flexlog/context.go:127.61,129.3 1 0
github.com/wayneeseguin/flexlog/context.go:132.2,140.61 2 0
github.com/wayneeseguin/flexlog/context.go:140.61,146.3 4 0
github.com/wayneeseguin/flexlog/context.go:149.2,156.9 2 0
github.com/wayneeseguin/flexlog/context.go:157.24,158.13 1 0
github.com/wayneeseguin/flexlog/context.go:159.20,160.19 1 0
github.com/wayneeseguin/flexlog/context.go:161.10,166.10 3 0
github.com/wayneeseguin/flexlog/context.go:167.25,168.14 1 0
github.com/wayneeseguin/flexlog/context.go:169.21,170.20 1 0
github.com/wayneeseguin/flexlog/context.go:171.18,172.45 1 0
github.com/wayneeseguin/flexlog/context.go:178.63,182.12 2 0
github.com/wayneeseguin/flexlog/context.go:182.12,184.3 1 0
github.com/wayneeseguin/flexlog/context.go:186.2,186.9 1 0
github.com/wayneeseguin/flexlog/context.go:187.21,188.13 1 0
github.com/wayneeseguin/flexlog/context.go:189.20,193.13 1 0
github.com/wayneeseguin/flexlog/context.go:193.13,195.4 1 0
github.com/wayneeseguin/flexlog/context.go:196.3,196.19 1 0
github.com/wayneeseguin/flexlog/context.go:201.63,205.12 2 0
github.com/wayneeseguin/flexlog/context.go:205.12,207.3 1 0
github.com/wayneeseguin/flexlog/context.go:209.2,209.9 1 0
github.com/wayneeseguin/flexlog/context.go:210.21,211.13 1 0
github.com/wayneeseguin/flexlog/context.go:212.20,213.19 1 0
github.com/wayneeseguin/flexlog/context.go:218.38,219.15 1 0
github.com/wayneeseguin/flexlog/context.go:220.18,221.17 1 0
github.com/wayneeseguin/flexlog/context.go:222.17,223.16 1 0
github.com/wayneeseguin/flexlog/context.go:224.17,225.16 1 0
github.com/wayneeseguin/flexlog/context.go:226.18,227.17 1 0
github.com/wayneeseguin/flexlog/context.go:228.10,229.15 1 0
github.com/wayneeseguin/flexlog/context.go:234.46,235.20 1 0
github.com/wayneeseguin/flexlog/context.go:235.20,237.3 1 0
github.com/wayneeseguin/flexlog/context.go:240.2,246.20 5 0
github.com/wayneeseguin/flexlog/context.go:246.20,248.3 1 0
github.com/wayneeseguin/flexlog/context.go:251.2,251.30 1 0
github.com/wayneeseguin/flexlog/context.go:251.30,253.3 1 0
github.com/wayneeseguin/flexlog/context.go:255.2,255.34 1 0
github.com/wayneeseguin/flexlog/context.go:259.56,261.21 2 0
github.com/wayneeseguin/flexlog/context.go:261.21,265.22 3 0
github.com/wayneeseguin/flexlog/context.go:265.22,270.4 4 0
github.com/wayneeseguin/flexlog/context.go:272.2,272.14 1 0
github.com/wayneeseguin/flexlog/errors.go:11.51,12.18 1 0
github.com/wayneeseguin/flexlog/errors.go:13.19,14.15 1 0
github.com/wayneeseguin/flexlog/errors.go:15.22,16.18 1 0
github.com/wayneeseguin/flexlog/errors.go:17.20,18.16 1 0
github.com/wayneeseguin/flexlog/errors.go:19.24,20.20 1 0
github.com/wayneeseguin/flexlog/errors.go:21.10,22.19 1 0
github.com/wayneeseguin/flexlog/errors.go:27.61,28.26 1 0
github.com/wayneeseguin/flexlog/errors.go:28.26,30.3 1 0
github.com/wayneeseguin/flexlog/errors.go:32.2,37.96 2 0
github.com/wayneeseguin/flexlog/errors.go:37.96,40.3 2 0
github.com/wayneeseguin/flexlog/errors.go:42.2,42.46 1 0
github.com/wayneeseguin/flexlog/errors.go:46.93,47.26 1 0
github.com/wayneeseguin/flexlog/errors.go:47.26,49.3 1 0
github.com/wayneeseguin/flexlog/errors.go:51.2,57.96 2 0
github.com/wayneeseguin/flexlog/errors.go:57.96,60.3 2 0
github.com/wayneeseguin/flexlog/errors.go:62.2,62.46 1 0
github.com/wayneeseguin/flexlog/errors.go:66.62,68.2 1 0
github.com/wayneeseguin/flexlog/errors.go:71.95,77.2 3 0
github.com/wayneeseguin/flexlog/errors.go:80.44,82.2 1 0
github.com/wayneeseguin/flexlog/errors.go:85.46,87.2 1 0
github.com/wayneeseguin/flexlog/errors.go:90.55,92.2 1 0
github.com/wayneeseguin/flexlog/errors.go:95.56,96.78 1 0
github.com/wayneeseguin/flexlog/errors.go:96.78,98.3 1 0
github.com/wayneeseguin/flexlog/errors.go:99.2,99.32 1 0
github.com/wayneeseguin/flexlog/errors.go:103.51,110.31 5 0
github.com/wayneeseguin/flexlog/errors.go:111.13,112.21 1 0
github.com/wayneeseguin/flexlog/errors.go:113.10,114.32 1 0
github.com/wayneeseguin/flexlog/errors.go:117.2,122.86 2 0
github.com/wayneeseguin/flexlog/errors.go:126.37,127.12 1 0
github.com/wayneeseguin/flexlog/errors.go:127.12,128.16 1 0
github.com/wayneeseguin/flexlog/errors.go:128.16,129.32 1 0
github.com/wayneeseguin/flexlog/errors.go:129.32,131.5 1 0
github.com/wayneeseguin/flexlog/errors.go:133.3,133.7 1 0
github.com/wayneeseguin/flexlog/errors_defs.go:45.36,47.2 1 3
github.com/wayneeseguin/flexlog/errors_defs.go:49.36,51.2 1 3
github.com/wayneeseguin/flexlog/errors_defs.go:60.43,62.2 1 2
github.com/wayneeseguin/flexlog/errors_defs.go:64.43,66.2 1 2
github.com/wayneeseguin/flexlog/errors_defs.go:75.38,77.2 1 2
github.com/wayneeseguin/flexlog/errors_defs.go:79.38,81.2 1 2
github.com/wayneeseguin/flexlog/errors_handling.go:32.35,33.26 1 97
github.com/wayneeseguin/flexlog/errors_handling.go:33.26,37.3 1 2
github.com/wayneeseguin/flexlog/errors_handling.go:38.2,40.33 1 95
github.com/wayneeseguin/flexlog/errors_handling.go:44.57,48.2 3 0
github.com/wayneeseguin/flexlog/errors_handling.go:51.42,53.2 1 0
github.com/wayneeseguin/flexlog/errors_handling.go:57.47,62.24 3 0
github.com/wayneeseguin/flexlog/errors_handling.go:62.24,64.3 1 0
github.com/wayneeseguin/flexlog/errors_handling.go:66.2,66.20 1 0
github.com/wayneeseguin/flexlog/errors_handling.go:70.108,77.6 4 97
github.com/wayneeseguin/flexlog/errors_handling.go:77.6,78.66 1 109
github.com/wayneeseguin/flexlog/errors_handling.go:78.66,79.9 1 97
github.com/wayneeseguin/flexlog/errors_handling.go:82.3,83.25 2 14
github.com/wayneeseguin/flexlog/errors_handling.go:86.2,109.20 11 97
github.com/wayneeseguin/flexlog/errors_handling.go:109.20,111.3 1 97
github.com/wayneeseguin/flexlog/errors_handling.go:114.2,114.22 1 97
github.com/wayneeseguin/flexlog/errors_handling.go:114.22,115.10 1 0
github.com/wayneeseguin/flexlog/errors_handling.go:116.28,116.28 0 0
github.com/wayneeseguin/flexlog/errors_handling.go:117.11,119.22 1 0
github.com/wayneeseguin/flexlog/errors_handling.go:119.22,121.5 1 0
github.com/wayneeseguin/flexlog/errors_handling.go:129.39,131.2 1 97
github.com/wayneeseguin/flexlog/errors_handling.go:134.40,136.2 0 0
github.com/wayneeseguin/flexlog/errors_handling.go:139.59,140.28 1 0
github.com/wayneeseguin/flexlog/errors_handling.go:140.28,141.10 1 0
github.com/wayneeseguin/flexlog/errors_handling.go:142.18,142.18 0 0
github.com/wayneeseguin/flexlog/errors_handling.go:143.11,145.27 1 0
github.com/wayneeseguin/flexlog/errors_handling.go:151.63,152.28 1 0
github.com/wayneeseguin/flexlog/errors_handling.go:152.28,153.36 1 0
github.com/wayneeseguin/flexlog/errors_handling.go:153.36,154.22 1 0
github.com/wayneeseguin/flexlog/errors_handling.go:154.22,156.5 1 0
github.com/wayneeseguin/flexlog/errors_handling.go:162.85,163.28 1 0
github.com/wayneeseguin/flexlog/errors_handling.go:163.28,164.29 1 0
github.com/wayneeseguin/flexlog/errors_handling.go:164.29,166.4 1 0
github.com/wayneeseguin/flexlog/errors_types.go:64.39,65.25 1 0
github.com/wayneeseguin/flexlog/errors_types.go:65.25,72.3 1 0
github.com/wayneeseguin/flexlog/errors_types.go:73.2,77.9 1 0
github.com/wayneeseguin/flexlog/errors_types.go:81.39,83.2 1 0
github.com/wayneeseguin/flexlog/errors_types.go:86.46,87.19 1 0
github.com/wayneeseguin/flexlog/errors_types.go:87.19,89.3 1 0
github.com/wayneeseguin/flexlog/errors_types.go:92.2,92.49 1 0
github.com/wayneeseguin/flexlog/errors_types.go:92.49,94.3 1 0
github.com/wayneeseguin/flexlog/errors_types.go:97.2,97.40 1 0
github.com/wayneeseguin/flexlog/errors_types.go:101.80,110.2 1 0
github.com/wayneeseguin/flexlog/errors_types.go:113.67,116.2 2 0
github.com/wayneeseguin/flexlog/errors_types.go:119.81,120.22 1 0
github.com/wayneeseguin/flexlog/errors_types.go:120.22,122.3 1 0
github.com/wayneeseguin/flexlog/errors_types.go:123.2,124.10 2 0
github.com/wayneeseguin/flexlog/errors_types.go:130.56,132.2 1 0
github.com/wayneeseguin/flexlog/errors_types.go:135.57,137.2 1 0
github.com/wayneeseguin/flexlog/errors_types.go:140.57,142.2 1 0
github.com/wayneeseguin/flexlog/errors_types.go:145.58,147.2 1 0
github.com/wayneeseguin/flexlog/errors_types.go:150.51,152.2 1 0
github.com/wayneeseguin/flexlog/errors_types.go:155.56,157.2 1 0
github.com/wayneeseguin/flexlog/errors_types.go:160.63,164.2 3 0
github.com/wayneeseguin/flexlog/errors_types.go:167.34,168.16 1 0
github.com/wayneeseguin/flexlog/errors_types.go:168.16,170.3 1 0
github.com/wayneeseguin/flexlog/errors_types.go:173.2,173.44 1 0
github.com/wayneeseguin/flexlog/errors_types.go:173.44,174.23 1 0
github.com/wayneeseguin/flexlog/errors_types.go:177.20,178.15 1 0
github.com/wayneeseguin/flexlog/errors_types.go:183.2,186.46 2 0
github.com/wayneeseguin/flexlog/errors_types.go:190.38,194.2 1 0
github.com/wayneeseguin/flexlog/errors_types.go:197.44,199.43 1 0
github.com/wayneeseguin/flexlog/errors_types.go:199.43,201.36 2 0
github.com/wayneeseguin/flexlog/errors_types.go:201.36,202.89 1 0
github.com/wayneeseguin/flexlog/errors_types.go:202.89,204.10 2 0
github.com/wayneeseguin/flexlog/errors_types.go:207.3,207.12 1 0
github.com/wayneeseguin/flexlog/errors_types.go:207.12,209.4 1 0
github.com/wayneeseguin/flexlog/errors_types.go:211.2,211.14 1 0
github.com/wayneeseguin/flexlog/filtering.go:8.44,12.2 3 0
github.com/wayneeseguin/flexlog/filtering.go:15.34,19.2 3 0
github.com/wayneeseguin/flexlog/filtering.go:22.71,23.82 1 0
github.com/wayneeseguin/flexlog/filtering.go:23.82,24.20 1 0
github.com/wayneeseguin/flexlog/filtering.go:24.20,26.4 1 0
github.com/wayneeseguin/flexlog/filtering.go:28.3,29.14 2 0
github.com/wayneeseguin/flexlog/filtering.go:29.14,31.4 1 0
github.com/wayneeseguin/flexlog/filtering.go:33.3,33.28 1 0
github.com/wayneeseguin/flexlog/filtering.go:33.28,34.16 1 0
github.com/wayneeseguin/flexlog/filtering.go:34.16,36.5 1 0
github.com/wayneeseguin/flexlog/filtering.go:38.3,38.15 1 0
github.com/wayneeseguin/flexlog/filtering.go:43.86,44.82 1 0
github.com/wayneeseguin/flexlog/filtering.go:44.82,45.24 1 0
github.com/wayneeseguin/flexlog/filtering.go:45.24,47.4 1 0
github.com/wayneeseguin/flexlog/filtering.go:49.3,49.20 1 0
github.com/wayneeseguin/flexlog/filtering.go:49.20,51.4 1 0
github.com/wayneeseguin/flexlog/filtering.go:53.3,54.32 2 0
github.com/wayneeseguin/flexlog/filtering.go:59.58,60.82 1 0
github.com/wayneeseguin/flexlog/filtering.go:60.82,62.3 1 0
github.com/wayneeseguin/flexlog/filtering.go:66.65,67.82 1 0
github.com/wayneeseguin/flexlog/filtering.go:67.82,69.3 1 0
github.com/wayneeseguin/flexlog/formatting.go:11.47,15.2 3 0
github.com/wayneeseguin/flexlog/formatting.go:18.35,22.2 3 129
github.com/wayneeseguin/flexlog/formatting.go:25.81,30.16 3 0
github.com/wayneeseguin/flexlog/formatting.go:31.35,32.41 1 0
github.com/wayneeseguin/flexlog/formatting.go:32.41,34.4 1 0
github.com/wayneeseguin/flexlog/formatting.go:34.9,36.4 1 0
github.com/wayneeseguin/flexlog/formatting.go:37.32,38.40 1 0
github.com/wayneeseguin/flexlog/formatting.go:38.40,40.4 1 0
github.com/wayneeseguin/flexlog/formatting.go:40.9,42.4 1 0
github.com/wayneeseguin/flexlog/formatting.go:43.31,44.49 1 0
github.com/wayneeseguin/flexlog/formatting.go:44.49,46.4 1 0
github.com/wayneeseguin/flexlog/formatting.go:46.9,48.4 1 0
github.com/wayneeseguin/flexlog/formatting.go:49.30,50.40 1 0
github.com/wayneeseguin/flexlog/formatting.go:50.40,52.4 1 0
github.com/wayneeseguin/flexlog/formatting.go:52.9,54.4 1 0
github.com/wayneeseguin/flexlog/formatting.go:55.34,56.41 1 0
github.com/wayneeseguin/flexlog/formatting.go:56.41,58.4 1 0
github.com/wayneeseguin/flexlog/formatting.go:58.9,60.4 1 0
github.com/wayneeseguin/flexlog/formatting.go:61.28,62.48 1 0
github.com/wayneeseguin/flexlog/formatting.go:62.48,64.4 1 0
github.com/wayneeseguin/flexlog/formatting.go:64.9,66.4 1 0
github.com/wayneeseguin/flexlog/formatting.go:67.31,68.40 1 0
github.com/wayneeseguin/flexlog/formatting.go:68.40,70.4 1 0
github.com/wayneeseguin/flexlog/formatting.go:70.9,72.4 1 0
github.com/wayneeseguin/flexlog/formatting.go:73.10,74.57 1 0
github.com/wayneeseguin/flexlog/formatting.go:77.2,77.12 1 0
github.com/wayneeseguin/flexlog/formatting.go:81.68,85.16 3 0
github.com/wayneeseguin/flexlog/formatting.go:86.35,87.41 1 0
github.com/wayneeseguin/flexlog/formatting.go:88.32,89.38 1 0
github.com/wayneeseguin/flexlog/formatting.go:90.31,91.37 1 0
github.com/wayneeseguin/flexlog/formatting.go:92.30,93.36 1 0
github.com/wayneeseguin/flexlog/formatting.go:94.34,95.40 1 0
github.com/wayneeseguin/flexlog/formatting.go:96.28,97.34 1 0
github.com/wayneeseguin/flexlog/formatting.go:98.31,99.37 1 0
github.com/wayneeseguin/flexlog/formatting.go:100.10,101.13 1 0
github.com/wayneeseguin/flexlog/formatting.go:106.52,110.2 3 129
github.com/wayneeseguin/flexlog/formatting.go:113.55,116.2 2 0
github.com/wayneeseguin/flexlog/formatting.go:119.49,121.24 2 0
github.com/wayneeseguin/flexlog/formatting.go:121.24,123.3 1 0
github.com/wayneeseguin/flexlog/formatting.go:125.2,126.15 2 0
github.com/wayneeseguin/flexlog/formatting.go:127.18,128.21 1 0
github.com/wayneeseguin/flexlog/formatting.go:129.17,130.20 1 0
github.com/wayneeseguin/flexlog/formatting.go:131.17,132.20 1 0
github.com/wayneeseguin/flexlog/formatting.go:133.18,134.21 1 0
github.com/wayneeseguin/flexlog/formatting.go:135.10,136.19 1 0
github.com/wayneeseguin/flexlog/formatting.go:139.2,139.26 1 0
github.com/wayneeseguin/flexlog/formatting.go:140.28,141.18 1 0
github.com/wayneeseguin/flexlog/formatting.go:142.28,143.35 1 0
github.com/wayneeseguin/flexlog/formatting.go:144.25,145.29 1 0
github.com/wayneeseguin/flexlog/formatting.go:146.23,147.18 1 0
github.com/wayneeseguin/flexlog/formatting.go:148.10,149.18 1 0
github.com/wayneeseguin/flexlog/formatting.go:154.43,164.2 1 16
github.com/wayneeseguin/flexlog/formatting.go:167.55,170.16 2 0
github.com/wayneeseguin/flexlog/formatting.go:170.16,172.3 1 0
github.com/wayneeseguin/flexlog/formatting.go:173.2,173.28 1 0
github.com/wayneeseguin/flexlog/formatting.go:177.61,181.12 3 0
github.com/wayneeseguin/flexlog/formatting.go:181.12,183.3 1 0
github.com/wayneeseguin/flexlog/formatting.go:183.8,185.3 1 0
github.com/wayneeseguin/flexlog/formatting.go:187.2,187.16 1 0
github.com/wayneeseguin/flexlog/formatting.go:187.16,189.3 1 0
github.com/wayneeseguin/flexlog/formatting.go:191.2,191.26 1 0
github.com/wayneeseguin/flexlog/lazy.go:25.40,26.29 1 0
github.com/wayneeseguin/flexlog/lazy.go:26.29,27.20 1 0
github.com/wayneeseguin/flexlog/lazy.go:27.20,29.4 1 0
github.com/wayneeseguin/flexlog/lazy.go:29.9,29.29 1 0
github.com/wayneeseguin/flexlog/lazy.go:29.29,32.4 1 0
github.com/wayneeseguin/flexlog/lazy.go:32.9,34.4 1 0
github.com/wayneeseguin/flexlog/lazy.go:36.2,36.21 1 0
github.com/wayneeseguin/flexlog/lazy.go:40.50,49.2 1 0
github.com/wayneeseguin/flexlog/lazy.go:52.42,56.2 3 0
github.com/wayneeseguin/flexlog/lazy.go:59.43,63.2 3 0
github.com/wayneeseguin/flexlog/lazy.go:66.50,70.2 3 0
github.com/wayneeseguin/flexlog/levels.go:19.39,23.2 3 0
github.com/wayneeseguin/flexlog/levels.go:37.34,41.2 3 422
github.com/wayneeseguin/flexlog/levels.go:44.71,46.18 1 0
github.com/wayneeseguin/flexlog/levels.go:46.18,48.3 1 0
github.com/wayneeseguin/flexlog/levels.go:50.2,50.31 1 0
github.com/wayneeseguin/flexlog/levels.go:50.31,52.3 1 0
github.com/wayneeseguin/flexlog/levels.go:55.2,55.43 1 0
github.com/wayneeseguin/flexlog/levels.go:55.43,57.3 1 0
github.com/wayneeseguin/flexlog/levels.go:60.2,68.9 2 0
github.com/wayneeseguin/flexlog/levels.go:69.24,69.24 0 0
github.com/wayneeseguin/flexlog/levels.go:71.10,74.99 2 0
github.com/wayneeseguin/flexlog/levels.go:79.71,81.18 1 0
github.com/wayneeseguin/flexlog/levels.go:81.18,83.3 1 0
github.com/wayneeseguin/flexlog/levels.go:85.2,85.31 1 0
github.com/wayneeseguin/flexlog/levels.go:85.31,87.3 1 0
github.com/wayneeseguin/flexlog/levels.go:90.2,90.43 1 0
github.com/wayneeseguin/flexlog/levels.go:90.43,92.3 1 0
github.com/wayneeseguin/flexlog/levels.go:95.2,103.9 2 0
github.com/wayneeseguin/flexlog/levels.go:104.24,104.24 0 0
github.com/wayneeseguin/flexlog/levels.go:106.10,109.99 2 0
github.com/wayneeseguin/flexlog/levels.go:114.70,116.18 1 0
github.com/wayneeseguin/flexlog/levels.go:116.18,118.3 1 0
github.com/wayneeseguin/flexlog/levels.go:120.2,120.30 1 0
github.com/wayneeseguin/flexlog/levels.go:120.30,122.3 1 0
github.com/wayneeseguin/flexlog/levels.go:125.2,125.42 1 0
github.com/wayneeseguin/flexlog/levels.go:125.42,127.3 1 0
github.com/wayneeseguin/flexlog/levels.go:130.2,138.9 2 0
github.com/wayneeseguin/flexlog/levels.go:139.24,139.24 0 0
github.com/wayneeseguin/flexlog/levels.go:141.10,144.98 2 0
github.com/wayneeseguin/flexlog/levels.go:149.70,151.18 1 0
github.com/wayneeseguin/flexlog/levels.go:151.18,153.3 1 0
github.com/wayneeseguin/flexlog/levels.go:155.2,155.30 1 0
github.com/wayneeseguin/flexlog/levels.go:155.30,157.3 1 0
github.com/wayneeseguin/flexlog/levels.go:160.2,160.42 1 0
github.com/wayneeseguin/flexlog/levels.go:160.42,162.3 1 0
github.com/wayneeseguin/flexlog/levels.go:165.2,173.9 2 0
github.com/wayneeseguin/flexlog/levels.go:174.24,174.24 0 0
github.com/wayneeseguin/flexlog/levels.go:176.10,179.98 2 0
github.com/wayneeseguin/flexlog/levels.go:184.71,186.18 1 0
github.com/wayneeseguin/flexlog/levels.go:186.18,188.3 1 0
github.com/wayneeseguin/flexlog/levels.go:190.2,190.31 1 0
github.com/wayneeseguin/flexlog/levels.go:190.31,192.3 1 0
github.com/wayneeseguin/flexlog/levels.go:195.2,195.43 1 0
github.com/wayneeseguin/flexlog/levels.go:195.43,197.3 1 0
github.com/wayneeseguin/flexlog/levels.go:200.2,208.9 2 0
github.com/wayneeseguin/flexlog/levels.go:209.24,209.24 0 0
github.com/wayneeseguin/flexlog/levels.go:211.10,217.86 4 0
github.com/wayneeseguin/flexlog/levels.go:222.50,223.15 1 0
github.com/wayneeseguin/flexlog/levels.go:224.18,225.19 1 0
github.com/wayneeseguin/flexlog/levels.go:226.17,227.18 1 0
github.com/wayneeseguin/flexlog/levels.go:228.17,229.18 1 0
github.com/wayneeseguin/flexlog/levels.go:230.18,231.19 1 0
github.com/wayneeseguin/flexlog/levels.go:232.10,233.18 1 0
github.com/wayneeseguin/flexlog/levels.go:237.71,239.18 1 213
github.com/wayneeseguin/flexlog/levels.go:239.18,241.3 1 0
github.com/wayneeseguin/flexlog/levels.go:243.2,243.26 1 214
github.com/wayneeseguin/flexlog/levels.go:243.26,245.3 1 0
github.com/wayneeseguin/flexlog/levels.go:249.2,250.39 2 214
github.com/wayneeseguin/flexlog/levels.go:250.39,252.3 1 0
github.com/wayneeseguin/flexlog/levels.go:255.2,263.9 2 214
github.com/wayneeseguin/flexlog/levels.go:264.24,264.24 0 123
github.com/wayneeseguin/flexlog/levels.go:266.10,270.16 3 91
github.com/wayneeseguin/flexlog/levels.go:271.19,272.23 1 0
github.com/wayneeseguin/flexlog/levels.go:273.18,274.22 1 91
github.com/wayneeseguin/flexlog/levels.go:275.18,276.22 1 0
github.com/wayneeseguin/flexlog/levels.go:277.19,278.23 1 0
github.com/wayneeseguin/flexlog/levels.go:279.11,280.25 1 0
github.com/wayneeseguin/flexlog/levels.go:283.3,286.56 3 91
github.com/wayneeseguin/flexlog/levels.go:301.46,302.32 1 0
github.com/wayneeseguin/flexlog/levels.go:302.32,304.3 1 0
github.com/wayneeseguin/flexlog/levels.go:319.62,320.32 1 0
github.com/wayneeseguin/flexlog/levels.go:320.32,322.3 1 0
github.com/wayneeseguin/flexlog/levels.go:336.46,337.32 1 0
github.com/wayneeseguin/flexlog/levels.go:337.32,339.3 1 0
github.com/wayneeseguin/flexlog/levels.go:354.62,355.32 1 0
github.com/wayneeseguin/flexlog/levels.go:355.32,357.3 1 0
github.com/wayneeseguin/flexlog/levels.go:371.45,372.31 1 210
github.com/wayneeseguin/flexlog/levels.go:372.31,374.3 1 214
github.com/wayneeseguin/flexlog/levels.go:389.61,390.31 1 0
github.com/wayneeseguin/flexlog/levels.go:390.31,392.3 1 0
github.com/wayneeseguin/flexlog/levels.go:406.45,407.31 1 0
github.com/wayneeseguin/flexlog/levels.go:407.31,409.3 1 0
github.com/wayneeseguin/flexlog/levels.go:424.61,425.31 1 0
github.com/wayneeseguin/flexlog/levels.go:425.31,427.3 1 0
github.com/wayneeseguin/flexlog/levels.go:441.46,442.32 1 0
github.com/wayneeseguin/flexlog/levels.go:442.32,444.3 1 0
github.com/wayneeseguin/flexlog/levels.go:459.62,460.32 1 0
github.com/wayneeseguin/flexlog/levels.go:460.32,462.3 1 0
github.com/wayneeseguin/flexlog/levels.go:468.60,470.13 2 0
github.com/wayneeseguin/flexlog/levels.go:470.13,471.53 1 0
github.com/wayneeseguin/flexlog/levels.go:471.53,473.4 1 0
github.com/wayneeseguin/flexlog/levels.go:473.9,475.4 1 0
github.com/wayneeseguin/flexlog/levels.go:478.2,478.11 1 0
github.com/wayneeseguin/flexlog/levels.go:479.15,480.20 1 0
github.com/wayneeseguin/flexlog/levels.go:481.14,482.19 1 0
github.com/wayneeseguin/flexlog/levels.go:483.14,484.19 1 0
github.com/wayneeseguin/flexlog/levels.go:485.15,486.20 1 0
github.com/wayneeseguin/flexlog/levels.go:487.10,488.19 1 0
github.com/wayneeseguin/flexlog/logger.go:34.34,35.67 1 17
github.com/wayneeseguin/flexlog/logger.go:35.67,36.63 1 0
github.com/wayneeseguin/flexlog/logger.go:36.63,38.4 1 0
github.com/wayneeseguin/flexlog/logger.go:40.2,40.12 1 17
github.com/wayneeseguin/flexlog/logger.go:60.41,64.2 1 16
github.com/wayneeseguin/flexlog/logger.go:75.68,111.16 5 16
github.com/wayneeseguin/flexlog/logger.go:111.16,113.3 1 0
github.com/wayneeseguin/flexlog/logger.go:116.2,121.33 3 16
github.com/wayneeseguin/flexlog/logger.go:121.33,128.3 6 16
github.com/wayneeseguin/flexlog/logger.go:131.2,144.15 9 16
github.com/wayneeseguin/flexlog/logger.go:148.39,151.29 2 16
github.com/wayneeseguin/flexlog/logger.go:151.29,153.23 1 123
github.com/wayneeseguin/flexlog/logger.go:153.23,156.27 2 0
github.com/wayneeseguin/flexlog/logger.go:157.17,158.26 1 0
github.com/wayneeseguin/flexlog/logger.go:159.16,160.25 1 0
github.com/wayneeseguin/flexlog/logger.go:161.16,162.25 1 0
github.com/wayneeseguin/flexlog/logger.go:163.17,164.26 1 0
github.com/wayneeseguin/flexlog/logger.go:166.4,166.34 1 0
github.com/wayneeseguin/flexlog/logger.go:167.9,170.4 1 123
github.com/wayneeseguin/flexlog/logger.go:173.3,178.37 5 123
github.com/wayneeseguin/flexlog/logger.go:178.37,183.16 4 125
github.com/wayneeseguin/flexlog/logger.go:183.16,184.13 1 0
github.com/wayneeseguin/flexlog/logger.go:188.4,188.31 1 125
github.com/wayneeseguin/flexlog/logger.go:194.35,198.2 3 215
github.com/wayneeseguin/flexlog/logger.go:201.42,205.2 3 0
github.com/wayneeseguin/flexlog/logger.go:208.38,212.2 3 128
github.com/wayneeseguin/flexlog/logger.go:215.42,219.2 3 1
github.com/wayneeseguin/flexlog/logger.go:222.49,230.9 2 0
github.com/wayneeseguin/flexlog/logger.go:231.24,231.24 0 0
github.com/wayneeseguin/flexlog/logger.go:233.10,235.91 1 0
github.com/wayneeseguin/flexlog/logger.go:240.50,246.2 3 0
github.com/wayneeseguin/flexlog/logger.go:249.55,251.41 1 0
github.com/wayneeseguin/flexlog/logger.go:251.41,256.3 1 0
github.com/wayneeseguin/flexlog/logger.go:258.2,258.39 1 0
github.com/wayneeseguin/flexlog/logger.go:258.39,261.17 3 0
github.com/wayneeseguin/flexlog/logger.go:261.17,263.4 1 0
github.com/wayneeseguin/flexlog/logger.go:264.3,267.9 1 0
github.com/wayneeseguin/flexlog/logger.go:270.2,270.64 1 0
github.com/wayneeseguin/flexlog/message.go:12.69,17.22 3 129
github.com/wayneeseguin/flexlog/message.go:18.20,20.54 1 128
github.com/wayneeseguin/flexlog/message.go:22.21,24.36 1 0
github.com/wayneeseguin/flexlog/message.go:26.10,28.36 1 1
github.com/wayneeseguin/flexlog/message.go:30.10,32.9 2 0
github.com/wayneeseguin/flexlog/message.go:37.75,48.20 7 1
github.com/wayneeseguin/flexlog/message.go:48.20,51.3 1 0
github.com/wayneeseguin/flexlog/message.go:51.8,51.29 1 1
github.com/wayneeseguin/flexlog/message.go:51.29,53.27 1 0
github.com/wayneeseguin/flexlog/message.go:53.27,57.4 2 0
github.com/wayneeseguin/flexlog/message.go:57.9,59.30 1 0
github.com/wayneeseguin/flexlog/message.go:59.30,61.5 1 0
github.com/wayneeseguin/flexlog/message.go:62.4,62.31 1 0
github.com/wayneeseguin/flexlog/message.go:62.31,64.5 1 0
github.com/wayneeseguin/flexlog/message.go:65.4,66.33 2 0
github.com/wayneeseguin/flexlog/message.go:66.33,68.40 2 0
github.com/wayneeseguin/flexlog/message.go:68.40,70.6 1 0
github.com/wayneeseguin/flexlog/message.go:72.4,72.34 1 0
github.com/wayneeseguin/flexlog/message.go:72.34,74.5 1 0
github.com/wayneeseguin/flexlog/message.go:75.4,75.17 1 0
github.com/wayneeseguin/flexlog/message.go:77.8,82.22 2 1
github.com/wayneeseguin/flexlog/message.go:82.22,84.4 1 0
github.com/wayneeseguin/flexlog/message.go:87.3,88.20 2 1
github.com/wayneeseguin/flexlog/message.go:89.19,90.22 1 0
github.com/wayneeseguin/flexlog/message.go:91.19,92.22 1 0
github.com/wayneeseguin/flexlog/message.go:93.18,94.21 1 0
github.com/wayneeseguin/flexlog/message.go:95.18,96.21 1 1
github.com/wayneeseguin/flexlog/message.go:97.19,98.22 1 0
github.com/wayneeseguin/flexlog/message.go:99.11,100.20 1 0
github.com/wayneeseguin/flexlog/message.go:104.3,104.53 1 1
github.com/wayneeseguin/flexlog/message.go:104.53,106.4 1 0
github.com/wayneeseguin/flexlog/message.go:106.9,106.78 1 1
github.com/wayneeseguin/flexlog/message.go:106.78,108.4 1 0
github.com/wayneeseguin/flexlog/message.go:111.3,115.29 3 1
github.com/wayneeseguin/flexlog/message.go:115.29,119.4 3 1
github.com/wayneeseguin/flexlog/message.go:120.3,120.30 1 1
github.com/wayneeseguin/flexlog/message.go:120.30,124.4 3 1
github.com/wayneeseguin/flexlog/message.go:125.3,128.23 3 1
github.com/wayneeseguin/flexlog/message.go:132.2,132.24 1 1
github.com/wayneeseguin/flexlog/message.go:132.24,134.25 2 1
github.com/wayneeseguin/flexlog/message.go:134.25,135.60 1 1
github.com/wayneeseguin/flexlog/message.go:135.60,138.5 2 0
github.com/wayneeseguin/flexlog/message.go:138.10,138.53 1 1
github.com/wayneeseguin/flexlog/message.go:138.53,141.5 2 0
github.com/wayneeseguin/flexlog/message.go:143.3,143.19 1 1
github.com/wayneeseguin/flexlog/message.go:148.112,160.41 7 128
github.com/wayneeseguin/flexlog/message.go:160.41,163.3 2 0
github.com/wayneeseguin/flexlog/message.go:164.2,170.20 4 128
github.com/wayneeseguin/flexlog/message.go:170.20,175.36 2 1
github.com/wayneeseguin/flexlog/message.go:175.36,176.52 1 0
github.com/wayneeseguin/flexlog/message.go:176.52,179.5 2 0
github.com/wayneeseguin/flexlog/message.go:183.3,184.25 2 1
github.com/wayneeseguin/flexlog/message.go:184.25,189.4 4 0
github.com/wayneeseguin/flexlog/message.go:190.3,191.55 2 1
github.com/wayneeseguin/flexlog/message.go:191.55,196.4 4 0
github.com/wayneeseguin/flexlog/message.go:197.3,197.45 1 1
github.com/wayneeseguin/flexlog/message.go:197.45,202.4 4 0
github.com/wayneeseguin/flexlog/message.go:203.3,209.41 5 1
github.com/wayneeseguin/flexlog/message.go:210.8,210.29 1 127
github.com/wayneeseguin/flexlog/message.go:210.29,213.27 2 1
github.com/wayneeseguin/flexlog/message.go:213.27,216.18 2 0
github.com/wayneeseguin/flexlog/message.go:216.18,219.5 2 0
github.com/wayneeseguin/flexlog/message.go:220.4,220.20 1 0
github.com/wayneeseguin/flexlog/message.go:221.9,223.30 1 1
github.com/wayneeseguin/flexlog/message.go:223.30,225.5 1 1
github.com/wayneeseguin/flexlog/message.go:226.4,226.31 1 1
github.com/wayneeseguin/flexlog/message.go:226.31,228.5 1 1
github.com/wayneeseguin/flexlog/message.go:229.4,230.33 2 1
github.com/wayneeseguin/flexlog/message.go:230.33,232.40 2 1
github.com/wayneeseguin/flexlog/message.go:232.40,234.6 1 3
github.com/wayneeseguin/flexlog/message.go:236.4,236.34 1 1
github.com/wayneeseguin/flexlog/message.go:236.34,238.5 1 1
github.com/wayneeseguin/flexlog/message.go:239.4,239.21 1 1
github.com/wayneeseguin/flexlog/message.go:242.3,246.36 3 1
github.com/wayneeseguin/flexlog/message.go:246.36,247.52 1 0
github.com/wayneeseguin/flexlog/message.go:247.52,250.5 2 0
github.com/wayneeseguin/flexlog/message.go:254.3,256.65 3 1
github.com/wayneeseguin/flexlog/message.go:256.65,261.4 4 0
github.com/wayneeseguin/flexlog/message.go:262.3,262.45 1 1
github.com/wayneeseguin/flexlog/message.go:262.45,267.4 4 0
github.com/wayneeseguin/flexlog/message.go:268.3,274.41 5 1
github.com/wayneeseguin/flexlog/message.go:275.8,280.22 2 126
github.com/wayneeseguin/flexlog/message.go:280.22,282.4 1 0
github.com/wayneeseguin/flexlog/message.go:285.3,286.20 2 126
github.com/wayneeseguin/flexlog/message.go:287.19,288.22 1 0
github.com/wayneeseguin/flexlog/message.go:289.19,290.22 1 0
github.com/wayneeseguin/flexlog/message.go:291.18,292.21 1 126
github.com/wayneeseguin/flexlog/message.go:293.18,294.21 1 0
github.com/wayneeseguin/flexlog/message.go:295.19,296.22 1 0
github.com/wayneeseguin/flexlog/message.go:297.11,298.20 1 0
github.com/wayneeseguin/flexlog/message.go:302.3,302.53 1 126
github.com/wayneeseguin/flexlog/message.go:302.53,304.4 1 0
github.com/wayneeseguin/flexlog/message.go:304.9,304.78 1 126
github.com/wayneeseguin/flexlog/message.go:304.78,307.4 1 0
github.com/wayneeseguin/flexlog/message.go:310.3,314.29 3 126
github.com/wayneeseguin/flexlog/message.go:314.29,318.4 3 126
github.com/wayneeseguin/flexlog/message.go:319.3,319.30 1 126
github.com/wayneeseguin/flexlog/message.go:319.30,323.4 3 126
github.com/wayneeseguin/flexlog/message.go:324.3,336.36 6 126
github.com/wayneeseguin/flexlog/message.go:336.36,337.52 1 0
github.com/wayneeseguin/flexlog/message.go:337.52,341.27 3 0
github.com/wayneeseguin/flexlog/message.go:341.27,345.6 2 0
github.com/wayneeseguin/flexlog/message.go:346.5,347.11 2 0
github.com/wayneeseguin/flexlog/message.go:352.3,353.25 2 126
github.com/wayneeseguin/flexlog/message.go:353.25,358.4 4 0
github.com/wayneeseguin/flexlog/message.go:359.3,360.59 2 126
github.com/wayneeseguin/flexlog/message.go:360.59,365.4 4 1
github.com/wayneeseguin/flexlog/message.go:366.3,366.45 1 125
github.com/wayneeseguin/flexlog/message.go:366.45,371.4 4 2
github.com/wayneeseguin/flexlog/message.go:372.3,378.41 5 123
github.com/wayneeseguin/flexlog/message.go:383.2,384.27 2 125
github.com/wayneeseguin/flexlog/message.go:388.75,390.28 1 0
github.com/wayneeseguin/flexlog/message.go:390.28,393.3 2 0
github.com/wayneeseguin/flexlog/message.go:396.2,397.19 2 0
github.com/wayneeseguin/flexlog/message.go:398.18,400.37 1 0
github.com/wayneeseguin/flexlog/message.go:401.18,403.37 1 0
github.com/wayneeseguin/flexlog/message.go:404.17,406.37 1 0
github.com/wayneeseguin/flexlog/message.go:407.17,409.37 1 0
github.com/wayneeseguin/flexlog/message.go:410.18,412.37 1 0
github.com/wayneeseguin/flexlog/message.go:416.2,418.20 2 0
github.com/wayneeseguin/flexlog/message.go:418.20,421.3 1 0
github.com/wayneeseguin/flexlog/message.go:421.8,421.29 1 0
github.com/wayneeseguin/flexlog/message.go:421.29,424.17 2 0
github.com/wayneeseguin/flexlog/message.go:424.17,427.4 2 0
github.com/wayneeseguin/flexlog/message.go:428.3,428.21 1 0
github.com/wayneeseguin/flexlog/message.go:429.8,432.3 1 0
github.com/wayneeseguin/flexlog/message.go:436.2,437.20 2 0
github.com/wayneeseguin/flexlog/message.go:437.20,439.3 1 0
github.com/wayneeseguin/flexlog/message.go:441.2,450.24 3 0
github.com/wayneeseguin/flexlog/message.go:450.24,454.3 3 0
github.com/wayneeseguin/flexlog/message.go:456.2,456.62 1 0
github.com/wayneeseguin/flexlog/message.go:456.62,460.3 3 0
github.com/wayneeseguin/flexlog/message.go:463.2,463.44 1 0
github.com/wayneeseguin/flexlog/message.go:463.44,465.3 1 0
github.com/wayneeseguin/flexlog/message.go:466.2,466.18 1 0
github.com/wayneeseguin/flexlog/metrics.go:53.46,78.31 10 0
github.com/wayneeseguin/flexlog/metrics.go:78.31,80.3 1 0
github.com/wayneeseguin/flexlog/metrics.go:83.2,83.60 1 0
github.com/wayneeseguin/flexlog/metrics.go:83.60,88.3 4 0
github.com/wayneeseguin/flexlog/metrics.go:91.2,91.59 1 0
github.com/wayneeseguin/flexlog/metrics.go:91.59,96.3 4 0
github.com/wayneeseguin/flexlog/metrics.go:99.2,99.22 1 0
github.com/wayneeseguin/flexlog/metrics.go:99.22,102.3 2 0
github.com/wayneeseguin/flexlog/metrics.go:105.2,111.36 4 0
github.com/wayneeseguin/flexlog/metrics.go:111.36,126.23 3 0
github.com/wayneeseguin/flexlog/metrics.go:127.21,128.20 1 0
github.com/wayneeseguin/flexlog/metrics.go:129.22,130.22 1 0
github.com/wayneeseguin/flexlog/metrics.go:131.11,132.22 1 0
github.com/wayneeseguin/flexlog/metrics.go:135.3,136.58 2 0
github.com/wayneeseguin/flexlog/metrics.go:139.2,139.16 1 0
github.com/wayneeseguin/flexlog/metrics.go:143.34,155.60 7 0
github.com/wayneeseguin/flexlog/metrics.go:155.60,158.3 2 0
github.com/wayneeseguin/flexlog/metrics.go:161.2,171.59 9 0
github.com/wayneeseguin/flexlog/metrics.go:171.59,174.3 2 0
github.com/wayneeseguin/flexlog/metrics.go:177.2,177.36 1 0
github.com/wayneeseguin/flexlog/metrics.go:177.36,185.3 7 0
github.com/wayneeseguin/flexlog/metrics.go:189.49,194.6 3 123
github.com/wayneeseguin/flexlog/metrics.go:194.6,195.66 1 123
github.com/wayneeseguin/flexlog/metrics.go:195.66,196.9 1 123
github.com/wayneeseguin/flexlog/metrics.go:199.3,200.25 2 0
github.com/wayneeseguin/flexlog/metrics.go:205.41,207.2 1 91
github.com/wayneeseguin/flexlog/metrics.go:210.35,212.2 1 1
github.com/wayneeseguin/flexlog/metrics.go:215.38,217.2 1 0
github.com/wayneeseguin/flexlog/metrics.go:220.67,226.6 4 125
github.com/wayneeseguin/flexlog/metrics.go:226.6,228.32 2 125
github.com/wayneeseguin/flexlog/metrics.go:228.32,229.9 1 119
github.com/wayneeseguin/flexlog/metrics.go:231.3,231.75 1 6
github.com/wayneeseguin/flexlog/metrics.go:231.75,232.9 1 6
github.com/wayneeseguin/flexlog/metrics.go:238.74,243.2 4 125
github.com/wayneeseguin/flexlog/metrics.go:246.39,248.2 1 3
github.com/wayneeseguin/flexlog/metrics.go:251.42,253.2 1 1
github.com/wayneeseguin/flexlog/multilog.go:22.88,35.21 4 17
github.com/wayneeseguin/flexlog/multilog.go:36.20,38.38 1 17
github.com/wayneeseguin/flexlog/multilog.go:39.21,41.39 1 0
github.com/wayneeseguin/flexlog/multilog.go:42.10,43.66 1 0
github.com/wayneeseguin/flexlog/multilog.go:46.2,46.16 1 17
github.com/wayneeseguin/flexlog/multilog.go:46.16,48.3 1 0
github.com/wayneeseguin/flexlog/multilog.go:50.2,50.18 1 17
github.com/wayneeseguin/flexlog/multilog.go:54.66,57.47 2 17
github.com/wayneeseguin/flexlog/multilog.go:57.47,59.3 1 0
github.com/wayneeseguin/flexlog/multilog.go:62.2,66.41 3 17
github.com/wayneeseguin/flexlog/multilog.go:66.41,68.3 1 0
github.com/wayneeseguin/flexlog/multilog.go:71.2,72.16 2 17
github.com/wayneeseguin/flexlog/multilog.go:72.16,74.56 1 0
github.com/wayneeseguin/flexlog/multilog.go:74.56,76.4 1 0
github.com/wayneeseguin/flexlog/multilog.go:77.3,77.49 1 0
github.com/wayneeseguin/flexlog/multilog.go:81.2,82.16 2 17
github.com/wayneeseguin/flexlog/multilog.go:82.16,85.56 2 0
github.com/wayneeseguin/flexlog/multilog.go:85.56,87.4 1 0
github.com/wayneeseguin/flexlog/multilog.go:88.3,88.50 1 0
github.com/wayneeseguin/flexlog/multilog.go:91.2,98.12 5 17
github.com/wayneeseguin/flexlog/multilog.go:102.67,111.47 2 0
github.com/wayneeseguin/flexlog/multilog.go:111.47,115.3 2 0
github.com/wayneeseguin/flexlog/multilog.go:115.8,115.57 1 0
github.com/wayneeseguin/flexlog/multilog.go:115.57,119.3 2 0
github.com/wayneeseguin/flexlog/multilog.go:119.8,119.53 1 0
github.com/wayneeseguin/flexlog/multilog.go:119.53,123.3 2 0
github.com/wayneeseguin/flexlog/multilog.go:123.8,125.3 1 0
github.com/wayneeseguin/flexlog/multilog.go:128.2,129.16 2 0
github.com/wayneeseguin/flexlog/multilog.go:129.16,131.3 1 0
github.com/wayneeseguin/flexlog/multilog.go:133.2,143.12 3 0
github.com/wayneeseguin/flexlog/multilog.go:150.68,155.22 3 0
github.com/wayneeseguin/flexlog/multilog.go:155.22,157.3 1 0
github.com/wayneeseguin/flexlog/multilog.go:157.8,159.23 1 0
github.com/wayneeseguin/flexlog/multilog.go:159.23,162.4 1 0
github.com/wayneeseguin/flexlog/multilog.go:162.9,165.4 1 0
github.com/wayneeseguin/flexlog/multilog.go:167.3,167.17 1 0
github.com/wayneeseguin/flexlog/multilog.go:167.17,170.4 1 0
github.com/wayneeseguin/flexlog/multilog.go:174.2,176.16 3 0
github.com/wayneeseguin/flexlog/multilog.go:176.16,181.3 2 0
github.com/wayneeseguin/flexlog/multilog.go:184.2,188.54 3 0
github.com/wayneeseguin/flexlog/multilog.go:188.54,190.3 1 0
github.com/wayneeseguin/flexlog/multilog.go:197.96,220.2 13 0
github.com/wayneeseguin/flexlog/multilog.go:223.64,233.26 6 0
github.com/wayneeseguin/flexlog/multilog.go:233.26,236.47 2 0
github.com/wayneeseguin/flexlog/multilog.go:236.47,238.4 1 0
github.com/wayneeseguin/flexlog/multilog.go:239.8,247.3 6 0
github.com/wayneeseguin/flexlog/multilog.go:250.2,252.20 3 0
github.com/wayneeseguin/flexlog/multilog.go:256.59,258.15 2 0
github.com/wayneeseguin/flexlog/multilog.go:259.18,260.21 1 0
github.com/wayneeseguin/flexlog/multilog.go:261.18,262.21 1 0
github.com/wayneeseguin/flexlog/multilog.go:263.17,264.20 1 0
github.com/wayneeseguin/flexlog/multilog.go:265.17,266.20 1 0
github.com/wayneeseguin/flexlog/multilog.go:267.18,268.21 1 0
github.com/wayneeseguin/flexlog/multilog.go:269.10,270.43 1 0
github.com/wayneeseguin/flexlog/multilog.go:273.2,273.16 1 0
github.com/wayneeseguin/flexlog/multilog.go:274.28,275.35 1 0
github.com/wayneeseguin/flexlog/multilog.go:276.25,277.23 1 0
github.com/wayneeseguin/flexlog/multilog.go:278.10,279.18 1 0
github.com/wayneeseguin/flexlog/multilog.go:298.52,301.2 1 1
github.com/wayneeseguin/flexlog/multilog.go:320.80,325.14 3 1
github.com/wayneeseguin/flexlog/multilog.go:325.14,327.3 1 0
github.com/wayneeseguin/flexlog/multilog.go:330.2,330.38 1 1
github.com/wayneeseguin/flexlog/multilog.go:330.38,331.22 1 1
github.com/wayneeseguin/flexlog/multilog.go:331.22,333.4 1 0
github.com/wayneeseguin/flexlog/multilog.go:337.2,338.16 2 1
github.com/wayneeseguin/flexlog/multilog.go:338.16,340.3 1 0
github.com/wayneeseguin/flexlog/multilog.go:343.2,350.28 4 1
github.com/wayneeseguin/flexlog/multilog.go:350.28,351.63 1 1
github.com/wayneeseguin/flexlog/multilog.go:351.63,353.4 1 0
github.com/wayneeseguin/flexlog/multilog.go:358.2,358.12 1 1
github.com/wayneeseguin/flexlog/multilog.go:376.55,382.38 4 0
github.com/wayneeseguin/flexlog/multilog.go:382.38,383.22 1 0
github.com/wayneeseguin/flexlog/multilog.go:383.22,385.9 2 0
github.com/wayneeseguin/flexlog/multilog.go:389.2,389.17 1 0
github.com/wayneeseguin/flexlog/multilog.go:389.17,391.3 1 0
github.com/wayneeseguin/flexlog/multilog.go:394.2,402.22 4 0
github.com/wayneeseguin/flexlog/multilog.go:402.22,404.25 1 0
github.com/wayneeseguin/flexlog/multilog.go:404.25,406.46 2 0
github.com/wayneeseguin/flexlog/multilog.go:406.46,408.5 1 0
github.com/wayneeseguin/flexlog/multilog.go:409.4,409.20 1 0
github.com/wayneeseguin/flexlog/multilog.go:411.3,411.61 1 0
github.com/wayneeseguin/flexlog/multilog.go:411.61,413.4 1 0
github.com/wayneeseguin/flexlog/multilog.go:416.2,416.59 1 0
github.com/wayneeseguin/flexlog/multilog.go:416.59,417.72 1 0
github.com/wayneeseguin/flexlog/multilog.go:417.72,419.4 1 0
github.com/wayneeseguin/flexlog/multilog.go:422.2,422.22 1 0
github.com/wayneeseguin/flexlog/multilog.go:422.22,423.62 1 0
github.com/wayneeseguin/flexlog/multilog.go:423.62,425.4 1 0
github.com/wayneeseguin/flexlog/multilog.go:429.2,431.16 2 0
github.com/wayneeseguin/flexlog/multilog.go:448.55,452.38 3 0
github.com/wayneeseguin/flexlog/multilog.go:452.38,453.24 1 0
github.com/wayneeseguin/flexlog/multilog.go:453.24,458.4 4 0
github.com/wayneeseguin/flexlog/multilog.go:461.2,461.14 1 0
github.com/wayneeseguin/flexlog/multilog.go:479.56,483.38 3 0
github.com/wayneeseguin/flexlog/multilog.go:483.38,484.24 1 0
github.com/wayneeseguin/flexlog/multilog.go:484.24,489.4 4 0
github.com/wayneeseguin/flexlog/multilog.go:492.2,492.14 1 0
github.com/wayneeseguin/flexlog/multilog.go:510.55,514.38 3 0
github.com/wayneeseguin/flexlog/multilog.go:514.38,515.24 1 0
github.com/wayneeseguin/flexlog/multilog.go:515.24,517.51 1 0
github.com/wayneeseguin/flexlog/multilog.go:517.51,519.5 1 0
github.com/wayneeseguin/flexlog/multilog.go:522.4,525.29 2 0
github.com/wayneeseguin/flexlog/multilog.go:525.29,527.5 1 0
github.com/wayneeseguin/flexlog/multilog.go:529.4,529.14 1 0
github.com/wayneeseguin/flexlog/multilog.go:533.2,533.54 1 0
github.com/wayneeseguin/flexlog/multilog.go:537.61,542.28 3 18
github.com/wayneeseguin/flexlog/multilog.go:542.28,545.3 2 0
github.com/wayneeseguin/flexlog/multilog.go:548.2,548.24 1 18
github.com/wayneeseguin/flexlog/multilog.go:548.24,549.45 1 18
github.com/wayneeseguin/flexlog/multilog.go:549.45,551.4 1 1
github.com/wayneeseguin/flexlog/multilog.go:555.2,555.22 1 18
github.com/wayneeseguin/flexlog/multilog.go:556.20,558.23 1 17
github.com/wayneeseguin/flexlog/multilog.go:558.23,559.44 1 17
github.com/wayneeseguin/flexlog/multilog.go:559.44,561.5 1 1
github.com/wayneeseguin/flexlog/multilog.go:564.3,564.23 1 16
github.com/wayneeseguin/flexlog/multilog.go:564.23,565.45 1 16
github.com/wayneeseguin/flexlog/multilog.go:565.45,567.5 1 0
github.com/wayneeseguin/flexlog/multilog.go:569.21,571.60 1 0
github.com/wayneeseguin/flexlog/multilog.go:571.60,572.58 1 0
github.com/wayneeseguin/flexlog/multilog.go:572.58,573.42 1 0
github.com/wayneeseguin/flexlog/multilog.go:573.42,575.6 1 0
github.com/wayneeseguin/flexlog/multilog.go:580.2,580.12 1 17
github.com/wayneeseguin/flexlog/multilog.go:584.53,593.2 5 0
github.com/wayneeseguin/flexlog/multilog.go:607.36,613.38 4 7
github.com/wayneeseguin/flexlog/multilog.go:613.38,615.25 2 9
github.com/wayneeseguin/flexlog/multilog.go:615.25,616.46 1 9
github.com/wayneeseguin/flexlog/multilog.go:616.46,618.5 1 1
github.com/wayneeseguin/flexlog/multilog.go:620.3,620.19 1 9
github.com/wayneeseguin/flexlog/multilog.go:623.2,623.16 1 7
github.com/wayneeseguin/flexlog/multilog.go:628.32,630.18 1 0
github.com/wayneeseguin/flexlog/multilog.go:630.18,632.3 1 0
github.com/wayneeseguin/flexlog/multilog.go:636.2,639.21 2 0
github.com/wayneeseguin/flexlog/multilog.go:656.33,658.2 1 12
github.com/wayneeseguin/flexlog/multilog.go:686.55,688.14 2 17
github.com/wayneeseguin/flexlog/multilog.go:688.14,691.3 2 1
github.com/wayneeseguin/flexlog/multilog.go:694.2,705.25 6 16
github.com/wayneeseguin/flexlog/multilog.go:705.25,707.3 1 1
github.com/wayneeseguin/flexlog/multilog.go:710.2,710.12 1 16
github.com/wayneeseguin/flexlog/multilog.go:710.12,712.21 1 16
github.com/wayneeseguin/flexlog/multilog.go:712.21,714.4 1 16
github.com/wayneeseguin/flexlog/multilog.go:718.3,722.20 4 16
github.com/wayneeseguin/flexlog/multilog.go:722.20,724.4 1 16
github.com/wayneeseguin/flexlog/multilog.go:727.3,727.30 1 16
github.com/wayneeseguin/flexlog/multilog.go:731.2,731.9 1 16
github.com/wayneeseguin/flexlog/multilog.go:732.21,733.13 1 15
github.com/wayneeseguin/flexlog/multilog.go:734.20,736.13 1 1
github.com/wayneeseguin/flexlog/multilog.go:736.13,737.33 1 1
github.com/wayneeseguin/flexlog/multilog.go:737.33,740.5 1 0
github.com/wayneeseguin/flexlog/multilog.go:742.3,742.101 1 1
github.com/wayneeseguin/flexlog/multilog.go:747.43,763.36 9 16
github.com/wayneeseguin/flexlog/multilog.go:763.36,764.50 1 18
github.com/wayneeseguin/flexlog/multilog.go:764.50,766.4 1 1
github.com/wayneeseguin/flexlog/multilog.go:770.2,775.16 5 16
github.com/wayneeseguin/flexlog/multilog.go:795.36,800.2 3 12
github.com/wayneeseguin/flexlog/multilog.go:807.49,809.2 0 0
github.com/wayneeseguin/flexlog/multilog.go:812.88,830.2 5 1
github.com/wayneeseguin/flexlog/multilog.go:833.68,837.47 3 0
github.com/wayneeseguin/flexlog/multilog.go:837.47,839.3 1 0
github.com/wayneeseguin/flexlog/multilog.go:841.2,842.12 2 0
github.com/wayneeseguin/flexlog/multilog.go:846.72,850.47 3 0
github.com/wayneeseguin/flexlog/multilog.go:850.47,852.3 1 0
github.com/wayneeseguin/flexlog/multilog.go:854.2,858.12 5 0
github.com/wayneeseguin/flexlog/multilog.go:862.61,863.24 1 0
github.com/wayneeseguin/flexlog/multilog.go:863.24,868.3 4 0
github.com/wayneeseguin/flexlog/multilog.go:869.2,869.12 1 0
github.com/wayneeseguin/flexlog/multilog.go:875.75,880.30 3 0
github.com/wayneeseguin/flexlog/multilog.go:880.30,882.3 1 0
github.com/wayneeseguin/flexlog/multilog.go:884.2,885.38 2 0
github.com/wayneeseguin/flexlog/multilog.go:885.38,886.35 1 0
github.com/wayneeseguin/flexlog/multilog.go:886.35,888.9 2 0
github.com/wayneeseguin/flexlog/multilog.go:892.2,892.22 1 0
github.com/wayneeseguin/flexlog/multilog.go:892.22,894.3 1 0
github.com/wayneeseguin/flexlog/multilog.go:896.2,901.47 4 0
github.com/wayneeseguin/flexlog/multilog.go:901.47,903.3 1 0
github.com/wayneeseguin/flexlog/multilog.go:906.2,906.24 1 0
github.com/wayneeseguin/flexlog/multilog.go:906.24,908.45 2 0
github.com/wayneeseguin/flexlog/multilog.go:908.45,911.4 2 0
github.com/wayneeseguin/flexlog/multilog.go:912.3,912.19 1 0
github.com/wayneeseguin/flexlog/multilog.go:915.2,915.22 1 0
github.com/wayneeseguin/flexlog/multilog.go:915.22,916.43 1 0
github.com/wayneeseguin/flexlog/multilog.go:916.43,918.4 1 0
github.com/wayneeseguin/flexlog/multilog.go:922.2,922.22 1 0
github.com/wayneeseguin/flexlog/multilog.go:922.22,923.44 1 0
github.com/wayneeseguin/flexlog/multilog.go:923.44,926.4 1 0
github.com/wayneeseguin/flexlog/multilog.go:930.2,930.61 1 0
github.com/wayneeseguin/flexlog/multilog.go:930.61,932.45 1 0
github.com/wayneeseguin/flexlog/multilog.go:932.45,933.54 1 0
github.com/wayneeseguin/flexlog/multilog.go:933.54,935.5 1 0
github.com/wayneeseguin/flexlog/multilog.go:940.2,944.41 3 0
github.com/wayneeseguin/flexlog/multilog.go:944.41,946.3 1 0
github.com/wayneeseguin/flexlog/multilog.go:949.2,950.16 2 0
github.com/wayneeseguin/flexlog/multilog.go:950.16,953.3 2 0
github.com/wayneeseguin/flexlog/multilog.go:956.2,957.16 2 0
github.com/wayneeseguin/flexlog/multilog.go:957.16,961.3 3 0
github.com/wayneeseguin/flexlog/multilog.go:964.2,982.12 13 0
github.com/wayneeseguin/flexlog/recovery.go:44.46,54.2 1 0
github.com/wayneeseguin/flexlog/recovery.go:67.66,68.19 1 0
github.com/wayneeseguin/flexlog/recovery.go:68.19,70.3 1 0
github.com/wayneeseguin/flexlog/recovery.go:71.2,75.3 1 0
github.com/wayneeseguin/flexlog/recovery.go:79.98,83.18 2 0
github.com/wayneeseguin/flexlog/recovery.go:84.21,85.39 1 0
github.com/wayneeseguin/flexlog/recovery.go:86.24,87.27 1 0
github.com/wayneeseguin/flexlog/recovery.go:88.22,89.24 1 0
github.com/wayneeseguin/flexlog/recovery.go:90.20,92.26 1 0
github.com/wayneeseguin/flexlog/recovery.go:97.74,98.16 1 0
github.com/wayneeseguin/flexlog/recovery.go:98.16,100.3 1 0
github.com/wayneeseguin/flexlog/recovery.go:103.2,103.22 1 0
github.com/wayneeseguin/flexlog/recovery.go:103.22,105.3 1 0
github.com/wayneeseguin/flexlog/recovery.go:108.2,108.44 1 0
github.com/wayneeseguin/flexlog/recovery.go:108.44,109.23 1 0
github.com/wayneeseguin/flexlog/recovery.go:110.27,111.25 1 0
github.com/wayneeseguin/flexlog/recovery.go:112.43,113.27 1 0
github.com/wayneeseguin/flexlog/recovery.go:114.35,115.23 1 0
github.com/wayneeseguin/flexlog/recovery.go:120.2,120.27 1 0
github.com/wayneeseguin/flexlog/recovery.go:124.101,132.40 5 0
github.com/wayneeseguin/flexlog/recovery.go:132.40,134.45 1 0
github.com/wayneeseguin/flexlog/recovery.go:134.45,136.4 1 0
github.com/wayneeseguin/flexlog/recovery.go:136.9,138.4 1 0
github.com/wayneeseguin/flexlog/recovery.go:141.3,144.9 4 0
github.com/wayneeseguin/flexlog/recovery.go:148.2,149.34 2 0
github.com/wayneeseguin/flexlog/recovery.go:149.34,151.38 2 0
github.com/wayneeseguin/flexlog/recovery.go:151.38,153.9 2 0
github.com/wayneeseguin/flexlog/recovery.go:158.2,158.31 1 0
github.com/wayneeseguin/flexlog/recovery.go:158.31,166.3 4 0
github.com/wayneeseguin/flexlog/recovery.go:170.70,172.24 1 0
github.com/wayneeseguin/flexlog/recovery.go:172.24,175.48 2 0
github.com/wayneeseguin/flexlog/recovery.go:175.48,179.4 3 0
github.com/wayneeseguin/flexlog/recovery.go:182.3,183.17 2 0
github.com/wayneeseguin/flexlog/recovery.go:183.17,187.4 3 0
github.com/wayneeseguin/flexlog/recovery.go:188.3,188.21 1 0
github.com/wayneeseguin/flexlog/recovery.go:192.2,193.22 2 0
github.com/wayneeseguin/flexlog/recovery.go:193.22,196.3 2 0
github.com/wayneeseguin/flexlog/recovery.go:196.8,198.3 1 0
github.com/wayneeseguin/flexlog/recovery.go:201.2,204.66 3 0
github.com/wayneeseguin/flexlog/recovery.go:204.66,207.3 2 0
github.com/wayneeseguin/flexlog/recovery.go:211.58,216.44 3 0
github.com/wayneeseguin/flexlog/recovery.go:216.44,219.3 1 0
github.com/wayneeseguin/flexlog/recovery.go:221.2,221.36 1 0
github.com/wayneeseguin/flexlog/recovery.go:225.52,233.31 6 0
github.com/wayneeseguin/flexlog/recovery.go:233.31,234.10 1 0
github.com/wayneeseguin/flexlog/recovery.go:235.25,235.25 0 0
github.com/wayneeseguin/flexlog/recovery.go:237.11,239.25 1 0
github.com/wayneeseguin/flexlog/recovery.go:245.42,246.24 1 0
github.com/wayneeseguin/flexlog/recovery.go:246.24,248.3 1 0
github.com/wayneeseguin/flexlog/recovery.go:249.2,249.12 1 0
github.com/wayneeseguin/flexlog/recovery.go:253.61,258.30 3 0
github.com/wayneeseguin/flexlog/recovery.go:258.30,260.3 1 0
github.com/wayneeseguin/flexlog/recovery.go:262.2,262.48 1 0
github.com/wayneeseguin/flexlog/recovery.go:266.82,267.30 1 0
github.com/wayneeseguin/flexlog/recovery.go:267.30,271.3 2 0
github.com/wayneeseguin/flexlog/recovery.go:273.2,273.50 1 0
github.com/wayneeseguin/flexlog/redaction.go:31.93,37.28 3 0
github.com/wayneeseguin/flexlog/redaction.go:37.28,42.48 3 0
github.com/wayneeseguin/flexlog/redaction.go:42.48,44.4 1 0
github.com/wayneeseguin/flexlog/redaction.go:45.3,45.38 1 0
github.com/wayneeseguin/flexlog/redaction.go:49.2,53.36 3 0
github.com/wayneeseguin/flexlog/redaction.go:57.89,63.28 3 0
github.com/wayneeseguin/flexlog/redaction.go:63.28,67.48 3 0
github.com/wayneeseguin/flexlog/redaction.go:67.48,69.4 1 0
github.com/wayneeseguin/flexlog/redaction.go:70.3,70.38 1 0
github.com/wayneeseguin/flexlog/redaction.go:74.2,78.36 3 0
github.com/wayneeseguin/flexlog/redaction.go:82.56,83.17 1 0
github.com/wayneeseguin/flexlog/redaction.go:83.17,85.3 1 0
github.com/wayneeseguin/flexlog/redaction.go:87.2,89.16 3 0
github.com/wayneeseguin/flexlog/redaction.go:89.16,92.3 2 0
github.com/wayneeseguin/flexlog/redaction.go:94.2,97.16 3 0
github.com/wayneeseguin/flexlog/redaction.go:97.16,100.3 2 0
github.com/wayneeseguin/flexlog/redaction.go:101.2,101.25 1 0
github.com/wayneeseguin/flexlog/redaction.go:105.50,106.25 1 0
github.com/wayneeseguin/flexlog/redaction.go:107.30,108.26 1 0
github.com/wayneeseguin/flexlog/redaction.go:108.26,109.25 1 0
github.com/wayneeseguin/flexlog/redaction.go:109.25,112.5 2 0
github.com/wayneeseguin/flexlog/redaction.go:112.10,114.5 1 0
github.com/wayneeseguin/flexlog/redaction.go:116.21,117.28 1 0
github.com/wayneeseguin/flexlog/redaction.go:117.28,119.34 1 0
github.com/wayneeseguin/flexlog/redaction.go:120.47,122.21 2 0
github.com/wayneeseguin/flexlog/redaction.go:123.12,123.12 0 0
github.com/wayneeseguin/flexlog/redaction.go:132.52,134.44 2 0
github.com/wayneeseguin/flexlog/redaction.go:134.44,135.55 1 0
github.com/wayneeseguin/flexlog/redaction.go:135.55,137.4 1 0
github.com/wayneeseguin/flexlog/redaction.go:137.9,139.4 1 0
github.com/wayneeseguin/flexlog/redaction.go:141.2,141.15 1 0
github.com/wayneeseguin/flexlog/redaction.go:145.38,147.46 2 0
github.com/wayneeseguin/flexlog/redaction.go:147.46,148.37 1 0
github.com/wayneeseguin/flexlog/redaction.go:148.37,150.4 1 0
github.com/wayneeseguin/flexlog/redaction.go:152.2,152.14 1 0
github.com/wayneeseguin/flexlog/redaction.go:162.72,164.35 2 0
github.com/wayneeseguin/flexlog/redaction.go:164.35,166.17 2 0
github.com/wayneeseguin/flexlog/redaction.go:166.17,168.4 1 0
github.com/wayneeseguin/flexlog/redaction.go:169.3,169.34 1 0
github.com/wayneeseguin/flexlog/redaction.go:172.2,175.8 1 0
github.com/wayneeseguin/flexlog/redaction.go:179.48,181.37 2 0
github.com/wayneeseguin/flexlog/redaction.go:181.37,183.3 1 0
github.com/wayneeseguin/flexlog/redaction.go:184.2,184.15 1 0
github.com/wayneeseguin/flexlog/redaction.go:188.73,190.16 2 0
github.com/wayneeseguin/flexlog/redaction.go:190.16,192.3 1 0
github.com/wayneeseguin/flexlog/redaction.go:194.2,200.12 6 0
github.com/wayneeseguin/flexlog/rotation.go:18.34,22.21 1 1
github.com/wayneeseguin/flexlog/rotation.go:22.21,23.42 1 1
github.com/wayneeseguin/flexlog/rotation.go:23.42,25.4 1 0
github.com/wayneeseguin/flexlog/rotation.go:29.2,29.19 1 1
github.com/wayneeseguin/flexlog/rotation.go:29.19,30.40 1 1
github.com/wayneeseguin/flexlog/rotation.go:30.40,32.4 1 0
github.com/wayneeseguin/flexlog/rotation.go:36.2,40.55 3 1
github.com/wayneeseguin/flexlog/rotation.go:40.55,42.3 1 0
github.com/wayneeseguin/flexlog/rotation.go:45.2,45.38 1 1
github.com/wayneeseguin/flexlog/rotation.go:45.38,47.3 1 0
github.com/wayneeseguin/flexlog/rotation.go:50.2,51.16 2 1
github.com/wayneeseguin/flexlog/rotation.go:51.16,53.3 1 0
github.com/wayneeseguin/flexlog/rotation.go:56.2,64.20 5 1
github.com/wayneeseguin/flexlog/rotation.go:64.20,65.45 1 1
github.com/wayneeseguin/flexlog/rotation.go:65.45,68.4 1 0
github.com/wayneeseguin/flexlog/rotation.go:71.2,71.12 1 1
github.com/wayneeseguin/flexlog/rotation.go:77.53,84.18 4 4
github.com/wayneeseguin/flexlog/rotation.go:84.18,86.3 1 3
github.com/wayneeseguin/flexlog/rotation.go:86.8,86.52 1 1
github.com/wayneeseguin/flexlog/rotation.go:86.52,88.3 1 1
github.com/wayneeseguin/flexlog/rotation.go:93.62,94.28 1 2
github.com/wayneeseguin/flexlog/rotation.go:94.28,96.3 1 1
github.com/wayneeseguin/flexlog/rotation.go:98.2,102.28 3 2
github.com/wayneeseguin/flexlog/rotation.go:102.28,106.3 3 0
github.com/wayneeseguin/flexlog/rotation.go:106.8,108.3 1 2
github.com/wayneeseguin/flexlog/rotation.go:112.41,114.45 1 3
github.com/wayneeseguin/flexlog/rotation.go:114.45,116.3 1 0
github.com/wayneeseguin/flexlog/rotation.go:118.2,122.12 4 3
github.com/wayneeseguin/flexlog/rotation.go:122.12,124.16 2 3
github.com/wayneeseguin/flexlog/rotation.go:124.16,125.32 1 3
github.com/wayneeseguin/flexlog/rotation.go:125.32,127.5 1 0
github.com/wayneeseguin/flexlog/rotation.go:130.3,130.7 1 3
github.com/wayneeseguin/flexlog/rotation.go:130.7,131.11 1 3
github.com/wayneeseguin/flexlog/rotation.go:132.29,133.46 1 0
github.com/wayneeseguin/flexlog/rotation.go:133.46,135.6 1 0
github.com/wayneeseguin/flexlog/rotation.go:136.25,137.11 1 3
github.com/wayneeseguin/flexlog/rotation.go:144.40,145.28 1 17
github.com/wayneeseguin/flexlog/rotation.go:145.28,147.3 1 14
github.com/wayneeseguin/flexlog/rotation.go:149.2,150.26 2 3
github.com/wayneeseguin/flexlog/rotation.go:150.26,152.3 1 3
github.com/wayneeseguin/flexlog/rotation.go:155.2,158.21 3 3
github.com/wayneeseguin/flexlog/rotation.go:162.42,163.19 1 2
github.com/wayneeseguin/flexlog/rotation.go:163.19,165.3 1 0
github.com/wayneeseguin/flexlog/rotation.go:168.2,172.12 4 2
github.com/wayneeseguin/flexlog/rotation.go:172.12,175.3 2 2
github.com/wayneeseguin/flexlog/rotation.go:178.2,178.9 1 2
github.com/wayneeseguin/flexlog/rotation.go:179.14,180.22 1 2
github.com/wayneeseguin/flexlog/rotation.go:181.19,186.68 3 0
github.com/wayneeseguin/flexlog/rotation.go:190.2,190.18 1 2
github.com/wayneeseguin/flexlog/rotation.go:190.18,192.3 1 0
github.com/wayneeseguin/flexlog/rotation.go:195.2,203.16 5 2
github.com/wayneeseguin/flexlog/rotation.go:203.16,205.3 1 0
github.com/wayneeseguin/flexlog/rotation.go:209.2,211.29 2 2
github.com/wayneeseguin/flexlog/rotation.go:211.29,213.19 1 7
github.com/wayneeseguin/flexlog/rotation.go:213.19,214.12 1 0
github.com/wayneeseguin/flexlog/rotation.go:218.3,219.24 2 7
github.com/wayneeseguin/flexlog/rotation.go:219.24,220.12 1 4
github.com/wayneeseguin/flexlog/rotation.go:224.3,224.26 1 3
github.com/wayneeseguin/flexlog/rotation.go:224.26,225.12 1 0
github.com/wayneeseguin/flexlog/rotation.go:228.3,232.17 3 3
github.com/wayneeseguin/flexlog/rotation.go:232.17,234.12 2 0
github.com/wayneeseguin/flexlog/rotation.go:238.3,238.30 1 3
github.com/wayneeseguin/flexlog/rotation.go:238.30,240.46 1 3
github.com/wayneeseguin/flexlog/rotation.go:240.46,242.5 1 0
github.com/wayneeseguin/flexlog/rotation.go:242.10,245.5 1 3
github.com/wayneeseguin/flexlog/rotation.go:249.2,249.12 1 2
github.com/wayneeseguin/flexlog/rotation.go:253.43,254.21 1 2
github.com/wayneeseguin/flexlog/rotation.go:254.21,256.3 1 0
github.com/wayneeseguin/flexlog/rotation.go:259.2,264.16 4 2
github.com/wayneeseguin/flexlog/rotation.go:264.16,266.3 1 0
github.com/wayneeseguin/flexlog/rotation.go:270.2,279.29 4 2
github.com/wayneeseguin/flexlog/rotation.go:279.29,281.19 1 10
github.com/wayneeseguin/flexlog/rotation.go:281.19,282.12 1 0
github.com/wayneeseguin/flexlog/rotation.go:286.3,287.24 2 10
github.com/wayneeseguin/flexlog/rotation.go:287.24,288.12 1 4
github.com/wayneeseguin/flexlog/rotation.go:291.3,294.5 1 6
github.com/wayneeseguin/flexlog/rotation.go:298.2,298.43 1 2
github.com/wayneeseguin/flexlog/rotation.go:298.43,300.3 1 10
github.com/wayneeseguin/flexlog/rotation.go:303.2,303.32 1 2
github.com/wayneeseguin/flexlog/rotation.go:303.32,304.47 1 1
github.com/wayneeseguin/flexlog/rotation.go:304.47,305.54 1 2
github.com/wayneeseguin/flexlog/rotation.go:305.54,307.5 1 0
github.com/wayneeseguin/flexlog/rotation.go:307.10,309.5 1 2
github.com/wayneeseguin/flexlog/rotation.go:313.2,313.12 1 2
github.com/wayneeseguin/flexlog/rotation.go:317.38,320.2 1 1
github.com/wayneeseguin/flexlog/rotation.go:323.62,325.34 1 1
github.com/wayneeseguin/flexlog/rotation.go:325.34,327.3 1 0
github.com/wayneeseguin/flexlog/rotation.go:330.2,331.24 2 1
github.com/wayneeseguin/flexlog/rotation.go:331.24,332.45 1 1
github.com/wayneeseguin/flexlog/rotation.go:332.45,335.4 2 0
github.com/wayneeseguin/flexlog/rotation.go:337.2,340.22 2 1
github.com/wayneeseguin/flexlog/rotation.go:340.22,341.43 1 1
github.com/wayneeseguin/flexlog/rotation.go:341.43,343.4 1 0
github.com/wayneeseguin/flexlog/rotation.go:347.2,351.57 3 1
github.com/wayneeseguin/flexlog/rotation.go:351.57,353.3 1 0
github.com/wayneeseguin/flexlog/rotation.go:356.2,357.16 2 1
github.com/wayneeseguin/flexlog/rotation.go:357.16,359.72 1 0
github.com/wayneeseguin/flexlog/rotation.go:359.72,362.4 1 0
github.com/wayneeseguin/flexlog/rotation.go:363.3,363.58 1 0
github.com/wayneeseguin/flexlog/rotation.go:367.2,378.20 8 1
github.com/wayneeseguin/flexlog/rotation.go:378.20,379.41 1 1
github.com/wayneeseguin/flexlog/rotation.go:379.41,382.4 1 1
github.com/wayneeseguin/flexlog/rotation.go:386.2,390.61 3 1
github.com/wayneeseguin/flexlog/rotation.go:390.61,391.10 1 0
github.com/wayneeseguin/flexlog/rotation.go:392.36,392.36 0 0
github.com/wayneeseguin/flexlog/rotation.go:394.11,399.20 3 0
github.com/wayneeseguin/flexlog/rotation.go:404.2,404.20 1 1
github.com/wayneeseguin/flexlog/rotation.go:404.20,405.67 1 1
github.com/wayneeseguin/flexlog/rotation.go:405.67,408.4 1 0
github.com/wayneeseguin/flexlog/rotation.go:411.2,411.12 1 1
github.com/wayneeseguin/flexlog/rotation.go:415.68,416.21 1 1
github.com/wayneeseguin/flexlog/rotation.go:416.21,418.3 1 0
github.com/wayneeseguin/flexlog/rotation.go:421.2,426.16 4 1
github.com/wayneeseguin/flexlog/rotation.go:426.16,428.3 1 0
github.com/wayneeseguin/flexlog/rotation.go:432.2,441.29 4 1
github.com/wayneeseguin/flexlog/rotation.go:441.29,443.19 1 5
github.com/wayneeseguin/flexlog/rotation.go:443.19,444.12 1 0
github.com/wayneeseguin/flexlog/rotation.go:448.3,449.24 2 5
github.com/wayneeseguin/flexlog/rotation.go:449.24,450.12 1 4
github.com/wayneeseguin/flexlog/rotation.go:453.3,456.5 1 1
github.com/wayneeseguin/flexlog/rotation.go:460.2,460.43 1 1
github.com/wayneeseguin/flexlog/rotation.go:460.43,462.3 1 0
github.com/wayneeseguin/flexlog/rotation.go:465.2,465.32 1 1
github.com/wayneeseguin/flexlog/rotation.go:465.32,466.47 1 0
github.com/wayneeseguin/flexlog/rotation.go:466.47,467.54 1 0
github.com/wayneeseguin/flexlog/rotation.go:467.54,469.5 1 0
github.com/wayneeseguin/flexlog/rotation.go:469.10,471.5 1 0
github.com/wayneeseguin/flexlog/rotation.go:475.2,475.12 1 1
github.com/wayneeseguin/flexlog/sampling.go:10.92,12.2 1 0
github.com/wayneeseguin/flexlog/sampling.go:15.72,22.18 4 0
github.com/wayneeseguin/flexlog/sampling.go:23.42,25.15 1 0
github.com/wayneeseguin/flexlog/sampling.go:25.15,27.4 1 0
github.com/wayneeseguin/flexlog/sampling.go:27.9,27.22 1 0
github.com/wayneeseguin/flexlog/sampling.go:27.22,29.4 1 0
github.com/wayneeseguin/flexlog/sampling.go:30.24,32.15 1 0
github.com/wayneeseguin/flexlog/sampling.go:32.15,34.4 1 0
github.com/wayneeseguin/flexlog/sampling.go:37.2,38.41 2 0
github.com/wayneeseguin/flexlog/sampling.go:42.115,45.20 3 0
github.com/wayneeseguin/flexlog/sampling.go:45.20,47.3 1 0
github.com/wayneeseguin/flexlog/sampling.go:51.92,53.21 1 214
github.com/wayneeseguin/flexlog/sampling.go:53.21,55.3 1 0
github.com/wayneeseguin/flexlog/sampling.go:58.2,58.35 1 214
github.com/wayneeseguin/flexlog/sampling.go:58.35,59.38 1 0
github.com/wayneeseguin/flexlog/sampling.go:59.38,61.4 1 0
github.com/wayneeseguin/flexlog/sampling.go:65.2,65.46 1 214
github.com/wayneeseguin/flexlog/sampling.go:66.20,67.14 1 214
github.com/wayneeseguin/flexlog/sampling.go:69.22,70.41 1 0
github.com/wayneeseguin/flexlog/sampling.go:72.26,73.28 1 0
github.com/wayneeseguin/flexlog/sampling.go:73.28,75.4 1 0
github.com/wayneeseguin/flexlog/sampling.go:78.3,82.52 5 0
github.com/wayneeseguin/flexlog/sampling.go:84.24,85.28 1 0
github.com/wayneeseguin/flexlog/sampling.go:85.28,87.4 1 0
github.com/wayneeseguin/flexlog/sampling.go:89.3,90.45 2 0
github.com/wayneeseguin/flexlog/sampling.go:93.2,93.13 1 0
github.com/wayneeseguin/flexlog/stack.go:4.51,8.2 3 0
github.com/wayneeseguin/flexlog/stack.go:11.42,15.2 3 0
github.com/wayneeseguin/flexlog/stack.go:18.53,22.2 3 0
github.com/wayneeseguin/flexlog/structured.go:29.91,31.42 1 0
github.com/wayneeseguin/flexlog/structured.go:31.42,33.3 1 0
github.com/wayneeseguin/flexlog/structured.go:35.2,36.15 2 0
github.com/wayneeseguin/flexlog/structured.go:37.18,38.21 1 0
github.com/wayneeseguin/flexlog/structured.go:39.18,40.21 1 0
github.com/wayneeseguin/flexlog/structured.go:41.17,42.20 1 0
github.com/wayneeseguin/flexlog/structured.go:43.17,44.20 1 0
github.com/wayneeseguin/flexlog/structured.go:45.18,46.21 1 0
github.com/wayneeseguin/flexlog/structured.go:47.10,48.19 1 0
github.com/wayneeseguin/flexlog/structured.go:51.2,59.43 2 0
github.com/wayneeseguin/flexlog/structured.go:59.43,61.9 2 0
github.com/wayneeseguin/flexlog/structured.go:61.9,64.4 2 0
github.com/wayneeseguin/flexlog/structured.go:66.3,66.62 1 0
github.com/wayneeseguin/flexlog/structured.go:66.62,71.4 3 0
github.com/wayneeseguin/flexlog/structured.go:74.2,74.24 1 0
github.com/wayneeseguin/flexlog/structured.go:91.82,93.2 1 0
github.com/wayneeseguin/flexlog/structured.go:109.82,111.2 1 0
github.com/wayneeseguin/flexlog/structured.go:128.81,130.2 1 0
github.com/wayneeseguin/flexlog/structured.go:146.81,148.2 1 0
github.com/wayneeseguin/flexlog/structured.go:166.82,168.2 1 0
github.com/wayneeseguin/flexlog/syslog.go:11.62,15.37 2 0
github.com/wayneeseguin/flexlog/syslog.go:15.37,18.3 1 0
github.com/wayneeseguin/flexlog/syslog.go:18.8,18.45 1 0
github.com/wayneeseguin/flexlog/syslog.go:18.45,21.3 1 0
github.com/wayneeseguin/flexlog/syslog.go:21.8,21.43 1 0
github.com/wayneeseguin/flexlog/syslog.go:21.43,24.3 1 0
github.com/wayneeseguin/flexlog/syslog.go:24.8,27.3 1 0
github.com/wayneeseguin/flexlog/syslog.go:30.2,31.16 2 0
github.com/wayneeseguin/flexlog/syslog.go:31.16,33.3 1 0
github.com/wayneeseguin/flexlog/syslog.go:36.2,36.15 1 0
github.com/wayneeseguin/flexlog/syslog.go:36.15,37.55 1 0
github.com/wayneeseguin/flexlog/syslog.go:37.55,40.4 2 0
github.com/wayneeseguin/flexlog/syslog.go:43.2,43.20 1 0
github.com/wayneeseguin/flexlog/syslog.go:47.60,48.28 1 0
github.com/wayneeseguin/flexlog/syslog.go:48.28,50.3 1 0
github.com/wayneeseguin/flexlog/syslog.go:53.2,53.33 1 0
github.com/wayneeseguin/flexlog/syslog.go:53.33,55.3 1 0
github.com/wayneeseguin/flexlog/syslog.go:58.2,59.16 2 0
github.com/wayneeseguin/flexlog/syslog.go:59.16,61.3 1 0
github.com/wayneeseguin/flexlog/syslog.go:64.2,69.12 5 0
github.com/wayneeseguin/flexlog/syslog.go:73.62,77.38 3 0
github.com/wayneeseguin/flexlog/syslog.go:77.38,78.81 1 0
github.com/wayneeseguin/flexlog/syslog.go:78.81,81.4 2 0
github.com/wayneeseguin/flexlog/syslog.go:84.2,84.60 1 0
github.com/wayneeseguin/flexlog/syslog.go:91.69,96.36 3 0
github.com/wayneeseguin/flexlog/syslog.go:96.36,98.3 1 0
github.com/wayneeseguin/flexlog/syslog.go:100.2,100.38 1 0
github.com/wayneeseguin/flexlog/syslog.go:100.38,101.81 1 0
github.com/wayneeseguin/flexlog/syslog.go:101.81,104.4 2 0
github.com/wayneeseguin/flexlog/syslog.go:107.2,107.60 1 0
